INFO 2025-03-08 19:45:25,106 autoreload 12000 8439777344 Watching for file changes with StatReloader
INFO 2025-03-08 19:45:49,825 autoreload 12000 8439777344 /Users/esploranto/roomtour/backend/backend/models.py changed, reloading.
INFO 2025-03-08 19:45:50,088 autoreload 12017 8439777344 Watching for file changes with StatReloader
INFO 2025-03-08 19:47:28,747 basehttp 12017 6199701504 "GET /api/places/ HTTP/1.1" 200 1727
INFO 2025-03-08 19:47:28,756 basehttp 12017 6199701504 "GET /media/places/Screenshot_2025-03-02_at_10_mj5b2p7.57.18PM.png HTTP/1.1" 304 0
INFO 2025-03-08 19:47:30,111 basehttp 12017 6216527872 "GET /api/places/moskva/ HTTP/1.1" 200 1725
INFO 2025-03-08 19:47:30,124 basehttp 12017 6199701504 "GET /media/places/Screenshot_2025-03-02_at_11.01.27PM.png HTTP/1.1" 304 0
INFO 2025-03-08 19:47:30,128 basehttp 12017 6216527872 "GET /media/places/Screenshot_2025-03-02_at_11.39.46PM.png HTTP/1.1" 304 0
INFO 2025-03-08 19:47:30,129 basehttp 12017 6199701504 "GET /media/places/Screenshot_2025-03-02_at_11.51.33PM.png HTTP/1.1" 304 0
INFO 2025-03-08 19:47:30,130 basehttp 12017 6233354240 "GET /media/places/Screenshot_2025-03-02_at_11.13.19PM.png HTTP/1.1" 304 0
INFO 2025-03-08 19:47:30,131 basehttp 12017 6250180608 "GET /media/places/Screenshot_2025-03-02_at_11.29.35PM.png HTTP/1.1" 304 0
INFO 2025-03-08 19:47:30,132 basehttp 12017 6267006976 "GET /media/places/Screenshot_2025-03-02_at_11.08.46PM.png HTTP/1.1" 304 0
INFO 2025-03-08 19:47:30,132 basehttp 12017 6283833344 "GET /media/places/Screenshot_2025-03-02_at_11.44.19PM.png HTTP/1.1" 304 0
INFO 2025-03-08 19:47:37,109 basehttp 12017 6300659712 "GET /api/places/ HTTP/1.1" 200 1727
INFO 2025-03-08 19:47:41,739 basehttp 12017 6300659712 "GET /api/places/ HTTP/1.1" 200 1727
INFO 2025-03-08 19:48:55,889 basehttp 12017 6300659712 "GET /api/places/ HTTP/1.1" 200 1727
INFO 2025-03-08 19:54:03,012 basehttp 12017 6199701504 "GET /api/places/ HTTP/1.1" 200 1727
INFO 2025-03-08 19:54:03,019 basehttp 12017 6199701504 "GET /media/places/Screenshot_2025-03-02_at_10_mj5b2p7.57.18PM.png HTTP/1.1" 304 0
INFO 2025-03-08 19:54:05,121 basehttp 12017 6216527872 "GET /api/places/moskva/ HTTP/1.1" 200 1725
INFO 2025-03-08 19:54:05,135 basehttp 12017 6199701504 "GET /media/places/Screenshot_2025-03-02_at_11.08.46PM.png HTTP/1.1" 304 0
INFO 2025-03-08 19:54:05,135 basehttp 12017 6216527872 "GET /media/places/Screenshot_2025-03-02_at_11.01.27PM.png HTTP/1.1" 304 0
INFO 2025-03-08 19:54:05,137 basehttp 12017 6233354240 "GET /media/places/Screenshot_2025-03-02_at_11.13.19PM.png HTTP/1.1" 304 0
INFO 2025-03-08 19:54:05,138 basehttp 12017 6250180608 "GET /media/places/Screenshot_2025-03-02_at_11.29.35PM.png HTTP/1.1" 304 0
INFO 2025-03-08 19:54:05,139 basehttp 12017 6283833344 "GET /media/places/Screenshot_2025-03-02_at_11.44.19PM.png HTTP/1.1" 304 0
INFO 2025-03-08 19:54:05,140 basehttp 12017 6267006976 "GET /media/places/Screenshot_2025-03-02_at_11.39.46PM.png HTTP/1.1" 304 0
INFO 2025-03-08 19:54:05,152 basehttp 12017 6267006976 "GET /media/places/Screenshot_2025-03-02_at_11.51.33PM.png HTTP/1.1" 304 0
INFO 2025-03-08 19:54:09,936 basehttp 12017 6300659712 "GET /admin/backend/placeimage/ HTTP/1.1" 200 14886
INFO 2025-03-08 19:54:09,973 basehttp 12017 6300659712 "GET /admin/jsi18n/ HTTP/1.1" 200 3342
INFO 2025-03-08 19:54:12,425 basehttp 12017 6300659712 "GET /admin/backend/place/ HTTP/1.1" 200 12112
INFO 2025-03-08 19:54:12,468 basehttp 12017 6300659712 "GET /admin/jsi18n/ HTTP/1.1" 200 3342
INFO 2025-03-08 19:54:16,275 basehttp 12017 6300659712 "GET /admin/backend/placeimage/ HTTP/1.1" 200 14886
INFO 2025-03-08 19:54:16,329 basehttp 12017 6300659712 "GET /admin/jsi18n/ HTTP/1.1" 200 3342
INFO 2025-03-08 19:54:22,700 autoreload 12017 8439777344 /Users/esploranto/roomtour/backend/backend/models.py changed, reloading.
INFO 2025-03-08 19:54:23,006 autoreload 12239 8439777344 Watching for file changes with StatReloader
INFO 2025-03-08 19:54:50,240 views 12239 6170750976 Создание нового места: {'name': 'Исполкомская', 'location': 'Питер, ул. Исполкомская, 17', 'rating': 5, 'review': ''}
INFO 2025-03-08 19:54:50,272 views 12239 6170750976 Место успешно создано: {'id': 7, 'images': [], 'name': 'Исполкомская', 'location': 'Питер, ул. Исполкомская, 17', 'rating': 5, 'review': '', 'created_at': '2025-03-08T19:54:50.266629Z', 'slug': 'ispolkomskaja'}
INFO 2025-03-08 19:54:50,273 basehttp 12239 6170750976 "POST /api/places/ HTTP/1.1" 201 203
INFO 2025-03-08 19:54:52,100 views 12239 6170750976 Успешно загружено 3 изображений для места 7
INFO 2025-03-08 19:54:52,101 basehttp 12239 6170750976 "POST /api/places/ispolkomskaja/upload_images/ HTTP/1.1" 201 459
INFO 2025-03-08 19:54:52,132 basehttp 12239 6170750976 "GET /api/places/ HTTP/1.1" 200 2388
INFO 2025-03-08 19:54:52,145 basehttp 12239 6170750976 "GET /api/places/ HTTP/1.1" 200 2388
INFO 2025-03-08 19:54:52,160 basehttp 12239 6170750976 "GET /media/places/IMG_7927.jpeg HTTP/1.1" 200 130291
INFO 2025-03-08 19:54:56,706 basehttp 12239 6187577344 "GET /api/places/ispolkomskaja/ HTTP/1.1" 200 660
INFO 2025-03-08 19:54:56,717 basehttp 12239 6170750976 "GET /media/places/IMG_7932_mcYo1Dv.jpeg HTTP/1.1" 200 122766
INFO 2025-03-08 19:54:56,717 basehttp 12239 6187577344 "GET /media/places/IMG_7966_bXtK5L6.jpeg HTTP/1.1" 200 174498
INFO 2025-03-08 19:55:25,504 basehttp 12239 6187577344 "GET /media/places/Screenshot_2025-03-02_at_10_mj5b2p7.57.18PM.png HTTP/1.1" 304 0
INFO 2025-03-08 19:55:54,701 views 12239 6204403712 Создание нового места: {'name': 'Sergey', 'location': 'asdf', 'rating': 5, 'review': ''}
INFO 2025-03-08 19:55:54,724 views 12239 6204403712 Место успешно создано: {'id': 8, 'images': [], 'name': 'Sergey', 'location': 'asdf', 'rating': 5, 'review': '', 'created_at': '2025-03-08T19:55:54.720318Z', 'slug': 'sergey'}
INFO 2025-03-08 19:55:54,725 basehttp 12239 6204403712 "POST /api/places/ HTTP/1.1" 201 136
INFO 2025-03-08 19:55:55,093 views 12239 6204403712 Успешно загружено 4 изображений для места 8
INFO 2025-03-08 19:55:55,093 basehttp 12239 6204403712 "POST /api/places/sergey/upload_images/ HTTP/1.1" 201 769
INFO 2025-03-08 19:55:55,167 basehttp 12239 6204403712 "GET /api/places/ HTTP/1.1" 200 3292
INFO 2025-03-08 19:55:55,179 basehttp 12239 6204403712 "GET /api/places/ HTTP/1.1" 200 3292
INFO 2025-03-08 19:55:55,185 basehttp 12239 6187577344 "GET /media/places/Screenshot_2025-03-03_at_1.57.36AM.png HTTP/1.1" 200 251732
INFO 2025-03-08 19:55:58,329 basehttp 12239 6204403712 "GET /api/places/sergey/ HTTP/1.1" 200 903
INFO 2025-03-08 19:55:58,346 basehttp 12239 6170750976 "GET /media/places/Screenshot_2025-03-03_at_2.18.10AM.png HTTP/1.1" 200 132288
INFO 2025-03-08 19:55:58,347 basehttp 12239 6187577344 "GET /media/places/Screenshot_2025-03-03_at_2.08.43AM.png HTTP/1.1" 200 176723
INFO 2025-03-08 19:55:58,349 basehttp 12239 6204403712 "GET /media/places/Screenshot_2025-03-03_at_2.28.57AM.png HTTP/1.1" 200 448105
INFO 2025-03-08 19:56:29,668 views 12239 6221230080 Создание нового места: {'name': 'Исполкомская', 'location': 'Питер, ул. Исполкомская, 17', 'rating': 5, 'review': ''}
ERROR 2025-03-08 19:56:29,682 views 12239 6221230080 Непредвиденная ошибка при создании места: duplicate key value violates unique constraint "backend_place_slug_key"
DETAIL:  Key (slug)=(ispolkomskaja) already exists.

ERROR 2025-03-08 19:56:29,682 log 12239 6221230080 Internal Server Error: /api/places/
ERROR 2025-03-08 19:56:29,683 basehttp 12239 6221230080 "POST /api/places/ HTTP/1.1" 500 134
INFO 2025-03-08 19:56:39,504 views 12239 6221230080 Создание нового места: {'name': 'Исполкомская', 'location': 'Питер, ул. Исполкомская, 17', 'rating': 4, 'review': ''}
ERROR 2025-03-08 19:56:39,515 views 12239 6221230080 Непредвиденная ошибка при создании места: duplicate key value violates unique constraint "backend_place_slug_key"
DETAIL:  Key (slug)=(ispolkomskaja) already exists.

ERROR 2025-03-08 19:56:39,516 log 12239 6221230080 Internal Server Error: /api/places/
ERROR 2025-03-08 19:56:39,516 basehttp 12239 6221230080 "POST /api/places/ HTTP/1.1" 500 134
INFO 2025-03-08 19:56:40,728 views 12239 6221230080 Создание нового места: {'name': 'Исполкомская', 'location': 'Питер, ул. Исполкомская, 17', 'rating': 4, 'review': ''}
ERROR 2025-03-08 19:56:40,745 views 12239 6221230080 Непредвиденная ошибка при создании места: duplicate key value violates unique constraint "backend_place_slug_key"
DETAIL:  Key (slug)=(ispolkomskaja) already exists.

ERROR 2025-03-08 19:56:40,745 log 12239 6221230080 Internal Server Error: /api/places/
ERROR 2025-03-08 19:56:40,745 basehttp 12239 6221230080 "POST /api/places/ HTTP/1.1" 500 134
INFO 2025-03-08 19:56:42,719 basehttp 12239 6221230080 "GET /api/places/ HTTP/1.1" 200 3292
INFO 2025-03-08 19:56:42,728 basehttp 12239 6170750976 "GET /media/places/Screenshot_2025-03-03_at_1.57.36AM.png HTTP/1.1" 304 0
INFO 2025-03-08 19:56:42,728 basehttp 12239 6187577344 "GET /media/places/IMG_7927.jpeg HTTP/1.1" 304 0
INFO 2025-03-08 19:56:42,728 basehttp 12239 6204403712 "GET /media/places/Screenshot_2025-03-02_at_10_mj5b2p7.57.18PM.png HTTP/1.1" 304 0
INFO 2025-03-08 19:59:41,473 autoreload 12239 8439777344 /Users/esploranto/roomtour/backend/backend/models.py changed, reloading.
INFO 2025-03-08 19:59:41,778 autoreload 12472 8439777344 Watching for file changes with StatReloader
WARNING 2025-03-08 20:01:16,752 log 12472 6194786304 Not Found: /api/users/Sergey Frolov/
WARNING 2025-03-08 20:01:16,752 basehttp 12472 6194786304 "GET /api/users/Sergey%20Frolov/ HTTP/1.1" 404 5991
WARNING 2025-03-08 20:02:33,986 log 12472 6211612672 Not Found: /api/users/Sergey Frolov/
WARNING 2025-03-08 20:02:33,986 basehttp 12472 6211612672 "GET /api/users/Sergey%20Frolov/ HTTP/1.1" 404 5991
INFO 2025-03-08 20:02:34,066 basehttp 12472 6194786304 "GET /api/places/ HTTP/1.1" 200 3292
INFO 2025-03-08 20:02:34,076 basehttp 12472 6194786304 "GET /media/places/Screenshot_2025-03-02_at_10_mj5b2p7.57.18PM.png HTTP/1.1" 304 0
INFO 2025-03-08 20:02:34,077 basehttp 12472 6211612672 "GET /media/places/Screenshot_2025-03-03_at_1.57.36AM.png HTTP/1.1" 304 0
INFO 2025-03-08 20:02:34,078 basehttp 12472 6228439040 "GET /media/places/IMG_7927.jpeg HTTP/1.1" 304 0
WARNING 2025-03-08 20:04:15,612 log 12472 6211612672 Not Found: /api/users/Sergey Frolov/
WARNING 2025-03-08 20:04:15,616 basehttp 12472 6211612672 "GET /api/users/Sergey%20Frolov/ HTTP/1.1" 404 5991
INFO 2025-03-08 20:04:15,649 basehttp 12472 6194786304 "GET /api/places/ HTTP/1.1" 200 3292
WARNING 2025-03-08 20:04:17,130 log 12472 6211612672 Not Found: /api/users/Sergey Frolov/
WARNING 2025-03-08 20:04:17,130 basehttp 12472 6211612672 "GET /api/users/Sergey%20Frolov/ HTTP/1.1" 404 5991
INFO 2025-03-08 20:04:17,135 basehttp 12472 6194786304 "GET /api/places/ HTTP/1.1" 200 3292
INFO 2025-03-08 20:04:17,143 basehttp 12472 6194786304 "GET /media/places/Screenshot_2025-03-03_at_1.57.36AM.png HTTP/1.1" 304 0
INFO 2025-03-08 20:04:17,144 basehttp 12472 6211612672 "GET /media/places/IMG_7927.jpeg HTTP/1.1" 304 0
INFO 2025-03-08 20:04:22,364 basehttp 12472 6194786304 "GET /admin/backend/place/ HTTP/1.1" 200 13160
INFO 2025-03-08 20:04:22,414 basehttp 12472 6194786304 "GET /admin/jsi18n/ HTTP/1.1" 200 3342
INFO 2025-03-08 20:04:25,731 basehttp 12472 6194786304 "POST /admin/backend/place/ HTTP/1.1" 200 8824
INFO 2025-03-08 20:04:26,928 basehttp 12472 6194786304 "POST /admin/backend/place/ HTTP/1.1" 302 0
INFO 2025-03-08 20:04:26,957 basehttp 12472 6194786304 "GET /admin/backend/place/ HTTP/1.1" 200 12732
INFO 2025-03-08 20:04:26,990 basehttp 12472 6194786304 "GET /admin/jsi18n/ HTTP/1.1" 200 3342
WARNING 2025-03-08 20:04:30,330 log 12472 6245265408 Not Found: /api/users/Sergey Frolov/
WARNING 2025-03-08 20:04:30,330 basehttp 12472 6245265408 "GET /api/users/Sergey%20Frolov/ HTTP/1.1" 404 5991
INFO 2025-03-08 20:04:30,336 basehttp 12472 6228439040 "GET /api/places/ HTTP/1.1" 200 2631
INFO 2025-03-08 20:04:30,342 basehttp 12472 6228439040 "GET /media/places/Screenshot_2025-03-02_at_10_mj5b2p7.57.18PM.png HTTP/1.1" 304 0
INFO 2025-03-08 20:04:45,662 views 12472 6194786304 Создание нового места: {'name': 'Исполкомская', 'location': 'Питер, ул. Исполкомская, 17', 'rating': 5, 'review': ''}
INFO 2025-03-08 20:04:45,698 views 12472 6194786304 Место успешно создано: {'id': 12, 'images': [], 'name': 'Исполкомская', 'location': 'Питер, ул. Исполкомская, 17', 'rating': 5, 'review': '', 'created_at': '2025-03-08T20:04:45.694355Z', 'slug': 'ispolkomskaja'}
INFO 2025-03-08 20:04:45,699 basehttp 12472 6194786304 "POST /api/places/ HTTP/1.1" 201 204
INFO 2025-03-08 20:04:46,064 views 12472 6194786304 Успешно загружено 3 изображений для места 12
INFO 2025-03-08 20:04:46,065 basehttp 12472 6194786304 "POST /api/places/ispolkomskaja/upload_images/ HTTP/1.1" 201 475
INFO 2025-03-08 20:04:46,116 basehttp 12472 6194786304 "GET /api/places/ HTTP/1.1" 200 3309
INFO 2025-03-08 20:04:46,167 basehttp 12472 6211612672 "GET /media/places/IMG_7927_NVzwyzZ.jpeg HTTP/1.1" 200 77887
INFO 2025-03-08 20:04:46,231 basehttp 12472 6194786304 "GET /api/places/ HTTP/1.1" 200 3309
INFO 2025-03-08 20:04:46,259 basehttp 12472 6194786304 "GET /api/places/ HTTP/1.1" 200 3309
INFO 2025-03-08 20:04:46,276 basehttp 12472 6194786304 "GET /api/places/ HTTP/1.1" 200 3309
INFO 2025-03-08 20:04:46,286 basehttp 12472 6194786304 "GET /api/places/ HTTP/1.1" 200 3309
INFO 2025-03-08 20:04:46,302 basehttp 12472 6194786304 "GET /api/places/ HTTP/1.1" 200 3309
INFO 2025-03-08 20:04:46,314 basehttp 12472 6194786304 "GET /api/places/ HTTP/1.1" 200 3309
INFO 2025-03-08 20:04:46,326 basehttp 12472 6194786304 "GET /api/places/ HTTP/1.1" 200 3309
INFO 2025-03-08 20:04:46,337 basehttp 12472 6194786304 "GET /api/places/ HTTP/1.1" 200 3309
INFO 2025-03-08 20:04:46,347 basehttp 12472 6194786304 "GET /api/places/ HTTP/1.1" 200 3309
INFO 2025-03-08 20:04:46,360 basehttp 12472 6194786304 "GET /api/places/ HTTP/1.1" 200 3309
INFO 2025-03-08 20:04:46,370 basehttp 12472 6194786304 "GET /api/places/ HTTP/1.1" 200 3309
INFO 2025-03-08 20:04:46,381 basehttp 12472 6194786304 "GET /api/places/ HTTP/1.1" 200 3309
INFO 2025-03-08 20:04:46,394 basehttp 12472 6194786304 "GET /api/places/ HTTP/1.1" 200 3309
INFO 2025-03-08 20:05:08,430 basehttp 12472 6194786304 "GET /api/places/ispolkomskaja/ HTTP/1.1" 200 677
INFO 2025-03-08 20:05:08,458 basehttp 12472 6194786304 "GET /media/places/IMG_7932_Sq63SBN.jpeg HTTP/1.1" 200 73494
INFO 2025-03-08 20:05:08,459 basehttp 12472 6211612672 "GET /media/places/IMG_7966_WdKJdOx.jpeg HTTP/1.1" 200 104852
INFO 2025-03-08 20:05:13,751 basehttp 12472 6194786304 "GET /api/places/ HTTP/1.1" 200 3309
INFO 2025-03-08 20:05:13,755 basehttp 12472 6211612672 "GET /api/places/ispolkomskaja/ HTTP/1.1" 200 677
INFO 2025-03-08 20:05:13,768 basehttp 12472 6194786304 "GET /media/places/IMG_7966_WdKJdOx.jpeg HTTP/1.1" 304 0
INFO 2025-03-08 20:05:13,769 basehttp 12472 6211612672 "GET /media/places/IMG_7932_Sq63SBN.jpeg HTTP/1.1" 304 0
INFO 2025-03-08 20:05:13,769 basehttp 12472 6228439040 "GET /media/places/IMG_7927_NVzwyzZ.jpeg HTTP/1.1" 304 0
INFO 2025-03-08 20:05:16,501 basehttp 12472 6194786304 "GET /media/places/Screenshot_2025-03-03_at_1.57.36AM.png HTTP/1.1" 304 0
WARNING 2025-03-08 20:05:16,519 log 12472 6211612672 Not Found: /api/users/Sergey Frolov/
WARNING 2025-03-08 20:05:16,520 basehttp 12472 6211612672 "GET /api/users/Sergey%20Frolov/ HTTP/1.1" 404 5991
INFO 2025-03-08 20:06:43,181 views 12472 6194786304 Создание нового места: {'name': 'Москва', 'location': 'Москва', 'rating': 5, 'review': ''}
ERROR 2025-03-08 20:06:43,206 views 12472 6194786304 Непредвиденная ошибка при создании места: duplicate key value violates unique constraint "backend_place_slug_key"
DETAIL:  Key (slug)=(moskva) already exists.

ERROR 2025-03-08 20:06:43,207 log 12472 6194786304 Internal Server Error: /api/places/
ERROR 2025-03-08 20:06:43,207 basehttp 12472 6194786304 "POST /api/places/ HTTP/1.1" 500 134
WARNING 2025-03-08 20:06:58,829 log 12472 6211612672 Not Found: /api/users/Sergey Frolov/
WARNING 2025-03-08 20:06:58,829 basehttp 12472 6211612672 "GET /api/users/Sergey%20Frolov/ HTTP/1.1" 404 5991
INFO 2025-03-08 20:06:58,838 basehttp 12472 6194786304 "GET /api/places/ HTTP/1.1" 200 3309
INFO 2025-03-08 20:06:58,845 basehttp 12472 6194786304 "GET /media/places/Screenshot_2025-03-02_at_10_mj5b2p7.57.18PM.png HTTP/1.1" 304 0
INFO 2025-03-08 20:06:58,846 basehttp 12472 6211612672 "GET /media/places/IMG_7927_NVzwyzZ.jpeg HTTP/1.1" 304 0
INFO 2025-03-08 20:06:58,846 basehttp 12472 6228439040 "GET /media/places/Screenshot_2025-03-03_at_1.57.36AM.png HTTP/1.1" 304 0
INFO 2025-03-08 20:07:09,619 views 12472 6194786304 Создание нового места: {'name': 'Москва', 'location': 'Москва', 'rating': 5, 'review': ''}
ERROR 2025-03-08 20:07:09,637 views 12472 6194786304 Непредвиденная ошибка при создании места: duplicate key value violates unique constraint "backend_place_slug_key"
DETAIL:  Key (slug)=(moskva) already exists.

ERROR 2025-03-08 20:07:09,638 log 12472 6194786304 Internal Server Error: /api/places/
ERROR 2025-03-08 20:07:09,639 basehttp 12472 6194786304 "POST /api/places/ HTTP/1.1" 500 134
INFO 2025-03-08 20:07:47,976 basehttp 12472 6194786304 "GET /api/places/moskva/ HTTP/1.1" 200 1725
INFO 2025-03-08 20:07:47,992 basehttp 12472 6211612672 "GET /media/places/Screenshot_2025-03-02_at_11.08.46PM.png HTTP/1.1" 304 0
INFO 2025-03-08 20:07:47,992 basehttp 12472 6194786304 "GET /media/places/Screenshot_2025-03-02_at_11.01.27PM.png HTTP/1.1" 304 0
INFO 2025-03-08 20:07:47,993 basehttp 12472 6228439040 "GET /media/places/Screenshot_2025-03-02_at_11.13.19PM.png HTTP/1.1" 304 0
INFO 2025-03-08 20:07:47,994 basehttp 12472 6245265408 "GET /media/places/Screenshot_2025-03-02_at_11.29.35PM.png HTTP/1.1" 304 0
INFO 2025-03-08 20:07:47,995 basehttp 12472 6262091776 "GET /media/places/Screenshot_2025-03-02_at_11.39.46PM.png HTTP/1.1" 304 0
INFO 2025-03-08 20:07:47,995 basehttp 12472 6278918144 "GET /media/places/Screenshot_2025-03-02_at_11.44.19PM.png HTTP/1.1" 304 0
INFO 2025-03-08 20:07:48,042 basehttp 12472 6278918144 "GET /media/places/Screenshot_2025-03-02_at_11.51.33PM.png HTTP/1.1" 304 0
INFO 2025-03-08 20:07:49,664 basehttp 12472 6295744512 "GET /api/places/sergey/ HTTP/1.1" 200 903
INFO 2025-03-08 20:07:49,674 basehttp 12472 6262091776 "GET /media/places/Screenshot_2025-03-03_at_2.08.43AM.png HTTP/1.1" 304 0
INFO 2025-03-08 20:07:49,675 basehttp 12472 6278918144 "GET /media/places/Screenshot_2025-03-03_at_2.18.10AM.png HTTP/1.1" 304 0
INFO 2025-03-08 20:07:49,676 basehttp 12472 6245265408 "GET /media/places/Screenshot_2025-03-03_at_2.28.57AM.png HTTP/1.1" 304 0
INFO 2025-03-08 20:07:54,229 basehttp 12472 6194786304 "GET /api/places/ispolkomskaja/ HTTP/1.1" 200 677
INFO 2025-03-08 20:07:54,239 basehttp 12472 6194786304 "GET /media/places/IMG_7966_WdKJdOx.jpeg HTTP/1.1" 304 0
INFO 2025-03-08 20:07:54,239 basehttp 12472 6211612672 "GET /media/places/IMG_7932_Sq63SBN.jpeg HTTP/1.1" 304 0
WARNING 2025-03-08 20:07:58,953 log 12472 6211612672 Not Found: /api/users/Sergey Frolov/
WARNING 2025-03-08 20:07:58,953 basehttp 12472 6211612672 "GET /api/users/Sergey%20Frolov/ HTTP/1.1" 404 5991
INFO 2025-03-08 20:07:58,958 basehttp 12472 6194786304 "GET /api/places/ HTTP/1.1" 200 3309
WARNING 2025-03-08 20:08:01,233 log 12472 6194786304 Not Found: /api/users/profile/
WARNING 2025-03-08 20:08:01,234 basehttp 12472 6194786304 "GET /api/users/profile/ HTTP/1.1" 404 5971
INFO 2025-03-08 20:08:21,623 views 12472 6194786304 Создание нового места: {'name': 'Москва', 'location': 'Питер, ул. Исполкомская, 17', 'rating': 5, 'review': ''}
ERROR 2025-03-08 20:08:21,645 views 12472 6194786304 Непредвиденная ошибка при создании места: duplicate key value violates unique constraint "backend_place_slug_key"
DETAIL:  Key (slug)=(moskva) already exists.

ERROR 2025-03-08 20:08:21,645 log 12472 6194786304 Internal Server Error: /api/places/
ERROR 2025-03-08 20:08:21,646 basehttp 12472 6194786304 "POST /api/places/ HTTP/1.1" 500 134
INFO 2025-03-08 20:13:14,573 basehttp 12472 6194786304 "GET /api/places/ HTTP/1.1" 200 3309
INFO 2025-03-08 20:13:45,517 autoreload 12472 8439777344 /Users/esploranto/roomtour/backend/backend/models.py changed, reloading.
INFO 2025-03-08 20:13:45,880 autoreload 13060 8439777344 Watching for file changes with StatReloader
INFO 2025-03-08 20:19:01,011 basehttp 13060 6138720256 "GET /api/places/ HTTP/1.1" 200 3309
INFO 2025-03-08 20:19:02,663 basehttp 13060 6172372992 "GET /media/places/Screenshot_2025-03-03_at_1.57.36AM.png HTTP/1.1" 304 0
INFO 2025-03-08 20:19:02,663 basehttp 13060 6138720256 "GET /media/places/Screenshot_2025-03-02_at_10_mj5b2p7.57.18PM.png HTTP/1.1" 304 0
INFO 2025-03-08 20:19:02,664 basehttp 13060 6155546624 "GET /media/places/IMG_7927_NVzwyzZ.jpeg HTTP/1.1" 304 0
WARNING 2025-03-08 20:19:02,677 log 13060 6189199360 Not Found: /api/users/profile/
WARNING 2025-03-08 20:19:02,678 basehttp 13060 6189199360 "GET /api/users/profile/ HTTP/1.1" 404 5971
INFO 2025-03-08 20:19:26,573 views 13060 6138720256 Создание нового места: {'name': 'Исполкомская', 'location': 'Питер, ул. Исполкомская, 17', 'rating': 5, 'review': ''}
INFO 2025-03-08 20:19:26,619 views 13060 6138720256 Место успешно создано: {'id': 16, 'images': [], 'name': 'Исполкомская', 'location': 'Питер, ул. Исполкомская, 17', 'rating': 5, 'review': '', 'created_at': '2025-03-08T20:19:26.616618Z', 'slug': 'ispolkomskaja-455150'}
INFO 2025-03-08 20:19:26,620 basehttp 13060 6138720256 "POST /api/places/ HTTP/1.1" 201 211
INFO 2025-03-08 20:19:27,017 views 13060 6138720256 Успешно загружено 3 изображений для места 16
INFO 2025-03-08 20:19:27,017 basehttp 13060 6138720256 "POST /api/places/ispolkomskaja-455150/upload_images/ HTTP/1.1" 201 475
INFO 2025-03-08 20:19:27,138 basehttp 13060 6138720256 "GET /api/places/ HTTP/1.1" 200 3994
INFO 2025-03-08 20:19:27,168 basehttp 13060 6138720256 "GET /api/places/ HTTP/1.1" 200 3994
INFO 2025-03-08 20:19:27,168 basehttp 13060 6155546624 "GET /media/places/IMG_7927_eOPlhbN.jpeg HTTP/1.1" 200 77887
INFO 2025-03-08 20:19:27,185 basehttp 13060 6138720256 "GET /api/places/ HTTP/1.1" 200 3994
INFO 2025-03-08 20:19:27,208 basehttp 13060 6138720256 "GET /api/places/ HTTP/1.1" 200 3994
INFO 2025-03-08 20:19:27,220 basehttp 13060 6138720256 "GET /api/places/ HTTP/1.1" 200 3994
INFO 2025-03-08 20:19:27,240 basehttp 13060 6138720256 "GET /api/places/ HTTP/1.1" 200 3994
INFO 2025-03-08 20:19:27,256 basehttp 13060 6138720256 "GET /api/places/ HTTP/1.1" 200 3994
INFO 2025-03-08 20:19:27,268 basehttp 13060 6138720256 "GET /api/places/ HTTP/1.1" 200 3994
INFO 2025-03-08 20:19:27,280 basehttp 13060 6138720256 "GET /api/places/ HTTP/1.1" 200 3994
INFO 2025-03-08 20:19:27,303 basehttp 13060 6138720256 "GET /api/places/ HTTP/1.1" 200 3994
INFO 2025-03-08 20:19:27,317 basehttp 13060 6138720256 "GET /api/places/ HTTP/1.1" 200 3994
INFO 2025-03-08 20:19:27,328 basehttp 13060 6138720256 "GET /api/places/ HTTP/1.1" 200 3994
INFO 2025-03-08 20:19:27,344 basehttp 13060 6138720256 "GET /api/places/ HTTP/1.1" 200 3994
INFO 2025-03-08 20:19:27,358 basehttp 13060 6138720256 "GET /api/places/ HTTP/1.1" 200 3994
INFO 2025-03-08 20:19:27,369 basehttp 13060 6138720256 "GET /api/places/ HTTP/1.1" 200 3994
INFO 2025-03-08 20:19:27,380 basehttp 13060 6138720256 "GET /api/places/ HTTP/1.1" 200 3994
INFO 2025-03-08 20:19:27,399 basehttp 13060 6138720256 "GET /api/places/ HTTP/1.1" 200 3994
INFO 2025-03-08 20:19:27,414 basehttp 13060 6138720256 "GET /api/places/ HTTP/1.1" 200 3994
INFO 2025-03-08 20:19:27,427 basehttp 13060 6138720256 "GET /api/places/ HTTP/1.1" 200 3994
INFO 2025-03-08 20:19:27,442 basehttp 13060 6138720256 "GET /api/places/ HTTP/1.1" 200 3994
INFO 2025-03-08 20:19:27,456 basehttp 13060 6138720256 "GET /api/places/ HTTP/1.1" 200 3994
INFO 2025-03-08 20:19:27,468 basehttp 13060 6138720256 "GET /api/places/ HTTP/1.1" 200 3994
INFO 2025-03-08 20:19:27,488 basehttp 13060 6138720256 "GET /api/places/ HTTP/1.1" 200 3994
INFO 2025-03-08 20:19:27,501 basehttp 13060 6138720256 "GET /api/places/ HTTP/1.1" 200 3994
INFO 2025-03-08 20:19:27,511 basehttp 13060 6138720256 "GET /api/places/ HTTP/1.1" 200 3994
INFO 2025-03-08 20:19:27,526 basehttp 13060 6138720256 "GET /api/places/ HTTP/1.1" 200 3994
INFO 2025-03-08 20:19:27,536 basehttp 13060 6138720256 "GET /api/places/ HTTP/1.1" 200 3994
INFO 2025-03-08 20:19:27,546 basehttp 13060 6138720256 "GET /api/places/ HTTP/1.1" 200 3994
INFO 2025-03-08 20:19:33,931 basehttp 13060 6138720256 "GET /api/places/ HTTP/1.1" 200 3994
INFO 2025-03-08 20:19:33,931 basehttp 13060 6155546624 "GET /api/places/ispolkomskaja/ HTTP/1.1" 200 677
INFO 2025-03-08 20:19:33,943 basehttp 13060 6138720256 "GET /media/places/IMG_7966_WdKJdOx.jpeg HTTP/1.1" 304 0
INFO 2025-03-08 20:19:33,943 basehttp 13060 6155546624 "GET /media/places/IMG_7932_Sq63SBN.jpeg HTTP/1.1" 304 0
INFO 2025-03-08 20:19:37,916 basehttp 13060 6138720256 "GET /media/places/IMG_7927_eOPlhbN.jpeg HTTP/1.1" 304 0
WARNING 2025-03-08 20:19:37,928 log 13060 6155546624 Not Found: /api/users/profile/
WARNING 2025-03-08 20:19:37,930 basehttp 13060 6155546624 "GET /api/users/profile/ HTTP/1.1" 404 5971
INFO 2025-03-08 20:19:38,690 basehttp 13060 6155546624 "GET /api/places/ispolkomskaja-455150/ HTTP/1.1" 200 684
INFO 2025-03-08 20:19:38,702 basehttp 13060 6138720256 "GET /media/places/IMG_7932_QmSoDkk.jpeg HTTP/1.1" 200 73494
INFO 2025-03-08 20:19:38,703 basehttp 13060 6155546624 "GET /media/places/IMG_7966_XIw1wHg.jpeg HTTP/1.1" 200 104852
WARNING 2025-03-08 20:19:50,553 log 13060 6155546624 Not Found: /api/users/profile/
WARNING 2025-03-08 20:19:50,553 basehttp 13060 6155546624 "GET /api/users/profile/ HTTP/1.1" 404 5971
INFO 2025-03-08 20:19:50,560 basehttp 13060 6138720256 "GET /api/places/ HTTP/1.1" 200 3994
INFO 2025-03-08 20:19:50,565 basehttp 13060 6138720256 "GET /media/places/IMG_7927_eOPlhbN.jpeg HTTP/1.1" 304 0
INFO 2025-03-08 20:20:20,571 basehttp 13060 6138720256 "GET /api/places/ispolkomskaja-455150/ HTTP/1.1" 200 684
INFO 2025-03-08 20:20:20,582 basehttp 13060 6138720256 "GET /media/places/IMG_7932_QmSoDkk.jpeg HTTP/1.1" 304 0
INFO 2025-03-08 20:20:20,582 basehttp 13060 6155546624 "GET /media/places/IMG_7966_XIw1wHg.jpeg HTTP/1.1" 304 0
WARNING 2025-03-08 20:24:55,072 log 13060 6155546624 Not Found: /api/users/profile/
WARNING 2025-03-08 20:24:55,073 basehttp 13060 6155546624 "GET /api/users/profile/ HTTP/1.1" 404 5971
INFO 2025-03-08 20:24:55,107 basehttp 13060 6138720256 "GET /api/places/ HTTP/1.1" 200 3994
INFO 2025-03-08 20:24:58,453 basehttp 13060 6138720256 "GET /api/places/ispolkomskaja-455150/ HTTP/1.1" 200 684
INFO 2025-03-08 20:25:03,783 basehttp 13060 6138720256 "GET /media/places/IMG_7927_NVzwyzZ.jpeg HTTP/1.1" 304 0
INFO 2025-03-08 20:25:03,784 basehttp 13060 6172372992 "GET /media/places/Screenshot_2025-03-02_at_10_mj5b2p7.57.18PM.png HTTP/1.1" 304 0
INFO 2025-03-08 20:25:03,784 basehttp 13060 6155546624 "GET /media/places/Screenshot_2025-03-03_at_1.57.36AM.png HTTP/1.1" 304 0
INFO 2025-03-08 20:25:09,626 basehttp 13060 6138720256 "GET /admin/backend/placeimage/ HTTP/1.1" 200 19428
INFO 2025-03-08 20:25:09,684 basehttp 13060 6138720256 "GET /admin/jsi18n/ HTTP/1.1" 200 3342
INFO 2025-03-08 20:25:11,957 basehttp 13060 6138720256 "GET /admin/backend/placeimage/30/change/ HTTP/1.1" 200 12074
INFO 2025-03-08 20:25:12,016 basehttp 13060 6138720256 "GET /admin/jsi18n/ HTTP/1.1" 200 3342
INFO 2025-03-08 20:25:15,077 basehttp 13060 6138720256 "GET /admin/backend/placeimage/ HTTP/1.1" 200 19428
INFO 2025-03-08 20:25:17,059 basehttp 13060 6138720256 "GET /admin/backend/place/ HTTP/1.1" 200 13591
INFO 2025-03-08 20:25:17,110 basehttp 13060 6138720256 "GET /admin/jsi18n/ HTTP/1.1" 200 3342
INFO 2025-03-08 20:25:18,450 basehttp 13060 6138720256 "GET /admin/backend/placeimage/ HTTP/1.1" 200 19428
INFO 2025-03-08 20:25:20,843 basehttp 13060 6138720256 "GET /admin/backend/placeimage/ HTTP/1.1" 200 19428
INFO 2025-03-08 20:25:20,876 basehttp 13060 6138720256 "GET /admin/jsi18n/ HTTP/1.1" 200 3342
INFO 2025-03-08 20:25:25,558 basehttp 13060 6138720256 "GET /admin/backend/placeimage/29/change/ HTTP/1.1" 200 12074
INFO 2025-03-08 20:25:25,645 basehttp 13060 6138720256 "GET /admin/jsi18n/ HTTP/1.1" 200 3342
INFO 2025-03-08 20:25:30,842 basehttp 13060 6138720256 "GET /media/places/IMG_7927_eOPlhbN.jpeg HTTP/1.1" 200 77887
INFO 2025-03-08 20:25:38,002 basehttp 13060 6138720256 "GET /api/places/ispolkomskaja/ HTTP/1.1" 200 677
INFO 2025-03-08 20:25:38,014 basehttp 13060 6155546624 "GET /media/places/IMG_7966_WdKJdOx.jpeg HTTP/1.1" 304 0
INFO 2025-03-08 20:25:38,015 basehttp 13060 6138720256 "GET /media/places/IMG_7932_Sq63SBN.jpeg HTTP/1.1" 304 0
INFO 2025-03-08 20:52:55,679 autoreload 13060 8439777344 /Users/esploranto/roomtour/backend/backend/models.py changed, reloading.
INFO 2025-03-08 20:52:56,145 autoreload 13834 8439777344 Watching for file changes with StatReloader
INFO 2025-03-08 20:52:58,117 basehttp 13834 6194114560 "GET /api/places/ HTTP/1.1" 200 3994
INFO 2025-03-08 20:52:59,680 basehttp 13834 6194114560 "GET /api/places/ HTTP/1.1" 200 3994
INFO 2025-03-08 20:53:01,190 basehttp 13834 6210940928 "GET /media/places/IMG_7927_NVzwyzZ.jpeg HTTP/1.1" 304 0
WARNING 2025-03-08 20:53:01,196 log 13834 6227767296 Not Found: /api/users/profile/
INFO 2025-03-08 20:53:01,197 basehttp 13834 6194114560 "GET /media/places/IMG_7927_eOPlhbN.jpeg HTTP/1.1" 304 0
WARNING 2025-03-08 20:53:01,198 basehttp 13834 6227767296 "GET /api/users/profile/ HTTP/1.1" 404 5971
INFO 2025-03-08 20:53:01,199 basehttp 13834 6244593664 "GET /media/places/Screenshot_2025-03-03_at_1.57.36AM.png HTTP/1.1" 304 0
INFO 2025-03-08 20:53:01,200 basehttp 13834 6261420032 "GET /media/places/Screenshot_2025-03-02_at_10_mj5b2p7.57.18PM.png HTTP/1.1" 304 0
INFO 2025-03-08 20:53:03,141 basehttp 13834 6193541120 "GET /api/places/ispolkomskaja-455150/ HTTP/1.1" 200 684
INFO 2025-03-08 20:53:03,152 basehttp 13834 6193541120 "GET /media/places/IMG_7932_QmSoDkk.jpeg HTTP/1.1" 304 0
INFO 2025-03-08 20:53:03,152 basehttp 13834 6210367488 "GET /media/places/IMG_7966_XIw1wHg.jpeg HTTP/1.1" 304 0
INFO 2025-03-08 20:53:20,229 basehttp 13834 6193541120 "GET /api/places/ispolkomskaja/ HTTP/1.1" 200 677
INFO 2025-03-08 20:53:20,238 basehttp 13834 6210367488 "GET /media/places/IMG_7932_Sq63SBN.jpeg HTTP/1.1" 304 0
INFO 2025-03-08 20:53:20,238 basehttp 13834 6193541120 "GET /media/places/IMG_7966_WdKJdOx.jpeg HTTP/1.1" 304 0
INFO 2025-03-08 20:53:21,384 basehttp 13834 6227193856 "GET /api/places/sergey/ HTTP/1.1" 200 903
INFO 2025-03-08 20:53:21,393 basehttp 13834 6193541120 "GET /media/places/Screenshot_2025-03-03_at_2.08.43AM.png HTTP/1.1" 304 0
INFO 2025-03-08 20:53:21,393 basehttp 13834 6210367488 "GET /media/places/Screenshot_2025-03-03_at_2.18.10AM.png HTTP/1.1" 304 0
INFO 2025-03-08 20:53:21,393 basehttp 13834 6227193856 "GET /media/places/Screenshot_2025-03-03_at_2.28.57AM.png HTTP/1.1" 304 0
INFO 2025-03-08 20:53:27,902 basehttp 13834 6193541120 "GET /api/places/moskva/ HTTP/1.1" 200 1725
INFO 2025-03-08 20:53:27,915 basehttp 13834 6193541120 "GET /media/places/Screenshot_2025-03-02_at_11.01.27PM.png HTTP/1.1" 304 0
INFO 2025-03-08 20:53:27,918 basehttp 13834 6227193856 "GET /media/places/Screenshot_2025-03-02_at_11.13.19PM.png HTTP/1.1" 304 0
INFO 2025-03-08 20:53:27,919 basehttp 13834 6210367488 "GET /media/places/Screenshot_2025-03-02_at_11.08.46PM.png HTTP/1.1" 304 0
INFO 2025-03-08 20:53:27,919 basehttp 13834 6244020224 "GET /media/places/Screenshot_2025-03-02_at_11.29.35PM.png HTTP/1.1" 304 0
INFO 2025-03-08 20:53:27,919 basehttp 13834 6260846592 "GET /media/places/Screenshot_2025-03-02_at_11.39.46PM.png HTTP/1.1" 304 0
INFO 2025-03-08 20:53:27,920 basehttp 13834 6277672960 "GET /media/places/Screenshot_2025-03-02_at_11.44.19PM.png HTTP/1.1" 304 0
INFO 2025-03-08 20:53:27,944 basehttp 13834 6277672960 "GET /media/places/Screenshot_2025-03-02_at_11.51.33PM.png HTTP/1.1" 304 0
INFO 2025-03-08 21:32:49,283 basehttp 13834 6193541120 "GET /api/places/ HTTP/1.1" 200 3994
INFO 2025-03-09 06:58:47,619 basehttp 13834 6193541120 "GET /api/places/ HTTP/1.1" 200 3994
INFO 2025-03-09 08:43:00,025 basehttp 13834 6193541120 "GET /api/places/ HTTP/1.1" 200 3994
INFO 2025-03-09 09:52:38,644 basehttp 13834 6210367488 "GET /media/places/Screenshot_2025-03-03_at_1.57.36AM.png HTTP/1.1" 304 0
INFO 2025-03-09 09:52:38,646 basehttp 13834 6227193856 "GET /media/places/IMG_7927_eOPlhbN.jpeg HTTP/1.1" 304 0
INFO 2025-03-09 09:52:38,646 basehttp 13834 6244020224 "GET /media/places/IMG_7927_NVzwyzZ.jpeg HTTP/1.1" 304 0
WARNING 2025-03-09 09:52:38,678 log 13834 6260846592 Not Found: /api/users/profile/
WARNING 2025-03-09 09:52:38,680 basehttp 13834 6260846592 "GET /api/users/profile/ HTTP/1.1" 404 5971
INFO 2025-03-09 09:52:38,700 basehttp 13834 6193541120 "GET /media/places/Screenshot_2025-03-02_at_10_mj5b2p7.57.18PM.png HTTP/1.1" 200 1110223
INFO 2025-03-09 09:52:38,762 basehttp 13834 6277672960 "GET /api/places/ HTTP/1.1" 200 3994
INFO 2025-03-09 09:52:41,960 basehttp 13834 6193541120 "GET /api/places/ispolkomskaja-455150/ HTTP/1.1" 200 684
INFO 2025-03-09 09:52:41,981 basehttp 13834 6193541120 "GET /media/places/IMG_7966_XIw1wHg.jpeg HTTP/1.1" 304 0
INFO 2025-03-09 09:52:41,981 basehttp 13834 6210367488 "GET /media/places/IMG_7932_QmSoDkk.jpeg HTTP/1.1" 304 0
INFO 2025-03-09 18:43:26,916 basehttp 13834 6193541120 "GET /api/places/ HTTP/1.1" 200 3994
INFO 2025-03-09 18:43:27,482 basehttp 13834 6210367488 "GET /media/places/Screenshot_2025-03-02_at_10_mj5b2p7.57.18PM.png HTTP/1.1" 304 0
INFO 2025-03-09 18:43:27,482 basehttp 13834 6193541120 "GET /media/places/Screenshot_2025-03-03_at_1.57.36AM.png HTTP/1.1" 304 0
INFO 2025-03-09 18:43:27,489 basehttp 13834 6227193856 "GET /media/places/IMG_7927_eOPlhbN.jpeg HTTP/1.1" 304 0
INFO 2025-03-09 18:43:27,490 basehttp 13834 6244020224 "GET /media/places/IMG_7927_NVzwyzZ.jpeg HTTP/1.1" 304 0
WARNING 2025-03-09 18:43:27,504 log 13834 6260846592 Not Found: /api/users/profile/
WARNING 2025-03-09 18:43:27,504 basehttp 13834 6260846592 "GET /api/users/profile/ HTTP/1.1" 404 5971
INFO 2025-03-09 18:43:29,169 basehttp 13834 6260846592 "GET /api/places/ispolkomskaja-455150/ HTTP/1.1" 200 684
INFO 2025-03-09 18:43:29,174 basehttp 13834 6244020224 "GET /media/places/IMG_7966_XIw1wHg.jpeg HTTP/1.1" 304 0
INFO 2025-03-09 18:43:29,175 basehttp 13834 6227193856 "GET /media/places/IMG_7932_QmSoDkk.jpeg HTTP/1.1" 304 0
INFO 2025-03-09 18:44:30,528 basehttp 13834 6193541120 "GET /media/places/Screenshot_2025-03-03_at_1.57.36AM.png HTTP/1.1" 200 251732
WARNING 2025-03-09 18:44:30,550 log 13834 6244020224 Not Found: /api/users/profile/
WARNING 2025-03-09 18:44:30,551 basehttp 13834 6244020224 "GET /api/users/profile/ HTTP/1.1" 404 5971
INFO 2025-03-09 18:44:30,551 basehttp 13834 6210367488 "GET /media/places/Screenshot_2025-03-02_at_10_mj5b2p7.57.18PM.png HTTP/1.1" 200 1110223
INFO 2025-03-09 18:44:30,570 basehttp 13834 6227193856 "GET /api/places/ HTTP/1.1" 200 3994
INFO 2025-03-09 18:49:33,877 basehttp 13834 6193541120 "GET /admin/ HTTP/1.1" 200 9453
INFO 2025-03-09 18:49:33,933 basehttp 13834 6193541120 "GET /static/admin/css/base.css HTTP/1.1" 304 0
INFO 2025-03-09 18:49:33,933 basehttp 13834 6210367488 "GET /static/admin/css/responsive.css HTTP/1.1" 304 0
INFO 2025-03-09 18:49:33,933 basehttp 13834 6227193856 "GET /static/admin/css/nav_sidebar.css HTTP/1.1" 304 0
INFO 2025-03-09 18:49:33,935 basehttp 13834 6244020224 "GET /static/admin/css/dark_mode.css HTTP/1.1" 304 0
INFO 2025-03-09 18:49:33,936 basehttp 13834 6260846592 "GET /static/admin/css/dashboard.css HTTP/1.1" 304 0
INFO 2025-03-09 18:49:33,936 basehttp 13834 6277672960 "GET /static/admin/js/theme.js HTTP/1.1" 304 0
INFO 2025-03-09 18:49:33,937 basehttp 13834 6277672960 "GET /static/admin/js/nav_sidebar.js HTTP/1.1" 304 0
INFO 2025-03-09 18:49:33,942 basehttp 13834 6244020224 "GET /static/admin/img/icon-changelink.svg HTTP/1.1" 304 0
INFO 2025-03-09 18:49:33,943 basehttp 13834 6260846592 "GET /static/admin/img/icon-addlink.svg HTTP/1.1" 304 0
INFO 2025-03-09 18:49:33,943 basehttp 13834 6277672960 "GET /static/admin/img/icon-deletelink.svg HTTP/1.1" 200 392
INFO 2025-03-09 18:49:38,772 basehttp 13834 6193541120 "GET /admin/auth/user/ HTTP/1.1" 200 12146
INFO 2025-03-09 18:49:38,798 basehttp 13834 6260846592 "GET /static/admin/js/core.js HTTP/1.1" 304 0
INFO 2025-03-09 18:49:38,799 basehttp 13834 6244020224 "GET /static/admin/css/changelists.css HTTP/1.1" 304 0
INFO 2025-03-09 18:49:38,800 basehttp 13834 6277672960 "GET /static/admin/js/jquery.init.js HTTP/1.1" 304 0
INFO 2025-03-09 18:49:38,801 basehttp 13834 6260846592 "GET /static/admin/js/admin/RelatedObjectLookups.js HTTP/1.1" 304 0
INFO 2025-03-09 18:49:38,805 basehttp 13834 6244020224 "GET /static/admin/js/actions.js HTTP/1.1" 304 0
INFO 2025-03-09 18:49:38,807 basehttp 13834 6277672960 "GET /static/admin/js/urlify.js HTTP/1.1" 304 0
INFO 2025-03-09 18:49:38,807 basehttp 13834 6260846592 "GET /static/admin/js/prepopulate.js HTTP/1.1" 304 0
INFO 2025-03-09 18:49:38,809 basehttp 13834 6193541120 "GET /admin/jsi18n/ HTTP/1.1" 200 3342
INFO 2025-03-09 18:49:38,810 basehttp 13834 6210367488 "GET /static/admin/js/vendor/jquery/jquery.js HTTP/1.1" 200 285314
INFO 2025-03-09 18:49:38,811 basehttp 13834 6227193856 "GET /static/admin/js/vendor/xregexp/xregexp.js HTTP/1.1" 200 325171
INFO 2025-03-09 18:49:38,823 basehttp 13834 6193541120 "GET /static/admin/img/search.svg HTTP/1.1" 304 0
INFO 2025-03-09 18:49:38,824 basehttp 13834 6227193856 "GET /static/admin/img/icon-yes.svg HTTP/1.1" 304 0
INFO 2025-03-09 18:49:38,830 basehttp 13834 6227193856 "GET /static/admin/js/filters.js HTTP/1.1" 304 0
INFO 2025-03-09 18:49:38,842 basehttp 13834 6227193856 "GET /static/admin/img/sorting-icons.svg HTTP/1.1" 304 0
INFO 2025-03-09 18:49:38,842 basehttp 13834 6193541120 "GET /static/admin/img/tooltag-add.svg HTTP/1.1" 304 0
INFO 2025-03-09 18:49:38,843 basehttp 13834 6210367488 "GET /static/admin/img/icon-viewlink.svg HTTP/1.1" 304 0
INFO 2025-03-09 18:52:17,748 basehttp 13834 6193541120 "GET /api/places/ HTTP/1.1" 200 3994
INFO 2025-03-09 18:52:18,600 basehttp 13834 6193541120 "GET /api/places/ HTTP/1.1" 200 3994
WARNING 2025-03-09 18:53:03,051 log 13834 6193541120 Not Found: /api/users/Sergey Frolov/
WARNING 2025-03-09 18:53:03,052 basehttp 13834 6193541120 "GET /api/users/Sergey%20Frolov/ HTTP/1.1" 404 5991
INFO 2025-03-09 18:53:31,375 basehttp 13834 6193541120 "GET /api/places/ HTTP/1.1" 200 3994
INFO 2025-03-09 18:53:32,151 basehttp 13834 6193541120 "GET /api/places/ HTTP/1.1" 200 3994
WARNING 2025-03-09 18:53:32,706 log 13834 6193541120 Not Found: /api/users/Sergey Frolov/
WARNING 2025-03-09 18:53:32,707 basehttp 13834 6193541120 "GET /api/users/Sergey%20Frolov/ HTTP/1.1" 404 5991
INFO 2025-03-09 18:57:39,908 basehttp 13834 6193541120 "GET /admin/auth/user/ HTTP/1.1" 200 12146
INFO 2025-03-09 18:57:39,968 basehttp 13834 6193541120 "GET /admin/jsi18n/ HTTP/1.1" 200 3342
INFO 2025-03-09 18:57:44,442 basehttp 13834 6193541120 "GET /admin/auth/group/ HTTP/1.1" 200 8581
INFO 2025-03-09 18:57:44,477 basehttp 13834 6193541120 "GET /admin/jsi18n/ HTTP/1.1" 200 3342
INFO 2025-03-09 18:57:45,608 basehttp 13834 6193541120 "GET /admin/auth/user/ HTTP/1.1" 200 12146
INFO 2025-03-09 18:57:45,657 basehttp 13834 6193541120 "GET /admin/jsi18n/ HTTP/1.1" 200 3342
INFO 2025-03-09 18:57:47,002 basehttp 13834 6193541120 "GET /admin/backend/placeimage/ HTTP/1.1" 200 19428
INFO 2025-03-09 18:57:47,041 basehttp 13834 6193541120 "GET /admin/jsi18n/ HTTP/1.1" 200 3342
INFO 2025-03-09 18:57:48,561 basehttp 13834 6193541120 "GET /admin/backend/place/ HTTP/1.1" 200 13591
INFO 2025-03-09 18:57:48,619 basehttp 13834 6193541120 "GET /admin/jsi18n/ HTTP/1.1" 200 3342
INFO 2025-03-09 18:57:50,378 basehttp 13834 6193541120 "GET /admin/backend/placeimage/ HTTP/1.1" 200 19428
INFO 2025-03-09 18:57:50,422 basehttp 13834 6193541120 "GET /admin/jsi18n/ HTTP/1.1" 200 3342
INFO 2025-03-09 18:57:52,525 basehttp 13834 6193541120 "GET /admin/backend/place/ HTTP/1.1" 200 13591
INFO 2025-03-09 18:57:52,562 basehttp 13834 6193541120 "GET /admin/jsi18n/ HTTP/1.1" 200 3342
INFO 2025-03-09 18:57:58,099 basehttp 13834 6193541120 "GET /admin/backend/place/add/ HTTP/1.1" 200 14970
INFO 2025-03-09 18:57:58,123 basehttp 13834 6193541120 "GET /static/admin/css/forms.css HTTP/1.1" 304 0
INFO 2025-03-09 18:57:58,136 basehttp 13834 6210367488 "GET /static/admin/js/prepopulate_init.js HTTP/1.1" 304 0
INFO 2025-03-09 18:57:58,136 basehttp 13834 6227193856 "GET /static/admin/js/inlines.js HTTP/1.1" 304 0
INFO 2025-03-09 18:57:58,136 basehttp 13834 6244020224 "GET /static/admin/css/widgets.css HTTP/1.1" 304 0
INFO 2025-03-09 18:57:58,139 basehttp 13834 6244020224 "GET /static/admin/js/change_form.js HTTP/1.1" 304 0
INFO 2025-03-09 18:57:58,143 basehttp 13834 6193541120 "GET /admin/jsi18n/ HTTP/1.1" 200 3342
INFO 2025-03-09 18:57:58,165 basehttp 13834 6193541120 "GET /static/admin/img/inline-delete.svg HTTP/1.1" 304 0
INFO 2025-03-09 18:58:01,148 basehttp 13834 6193541120 "GET /admin/backend/place/ HTTP/1.1" 200 13591
INFO 2025-03-09 18:58:02,940 basehttp 13834 6193541120 "GET /api/places/ HTTP/1.1" 200 3994
WARNING 2025-03-09 18:59:24,687 log 13834 6210367488 Not Found: /api/users/Sergey Frolov/
WARNING 2025-03-09 18:59:24,688 basehttp 13834 6210367488 "GET /api/users/Sergey%20Frolov/ HTTP/1.1" 404 5991
INFO 2025-03-09 18:59:24,699 basehttp 13834 6193541120 "GET /api/places/ HTTP/1.1" 200 3994
WARNING 2025-03-09 19:02:24,214 log 13834 6193541120 Not Found: /api/users/profile/
WARNING 2025-03-09 19:02:24,215 basehttp 13834 6193541120 "GET /api/users/profile/ HTTP/1.1" 404 5971
INFO 2025-03-09 19:02:24,237 basehttp 13834 6210367488 "GET /api/places/ HTTP/1.1" 200 3994
WARNING 2025-03-09 19:27:04,554 log 13834 6210367488 Not Found: /api/users/profile/
WARNING 2025-03-09 19:27:04,556 basehttp 13834 6210367488 "GET /api/users/profile/ HTTP/1.1" 404 5971
INFO 2025-03-09 19:27:04,673 basehttp 13834 6193541120 "GET /api/places/ HTTP/1.1" 200 3994
WARNING 2025-03-09 19:27:07,717 log 13834 6193541120 Not Found: /api/users/Sergey Frolov/
WARNING 2025-03-09 19:27:07,718 basehttp 13834 6193541120 "GET /api/users/Sergey%20Frolov/ HTTP/1.1" 404 5991
INFO 2025-03-09 19:29:13,308 basehttp 13834 6193541120 "GET /api/places/ HTTP/1.1" 200 3994
INFO 2025-03-09 19:31:01,209 basehttp 13834 6193541120 "GET /api/places/ HTTP/1.1" 200 3994
WARNING 2025-03-09 19:31:11,340 log 13834 6193541120 Not Found: /api/users/sergeyfrolov/
WARNING 2025-03-09 19:31:11,340 basehttp 13834 6193541120 "GET /api/users/sergeyfrolov/ HTTP/1.1" 404 5986
INFO 2025-03-09 19:33:12,419 basehttp 13834 6193541120 "GET /api/places/ispolkomskaja-455150/ HTTP/1.1" 200 684
INFO 2025-03-09 19:33:12,439 basehttp 13834 6193541120 "GET /media/places/IMG_7966_XIw1wHg.jpeg HTTP/1.1" 200 104852
WARNING 2025-03-09 19:33:16,070 log 13834 6210367488 Not Found: /api/users/sergeyfrolov/
WARNING 2025-03-09 19:33:16,071 basehttp 13834 6210367488 "GET /api/users/sergeyfrolov/ HTTP/1.1" 404 5986
INFO 2025-03-09 19:33:16,077 basehttp 13834 6193541120 "GET /api/places/ HTTP/1.1" 200 3994
WARNING 2025-03-09 19:33:20,394 log 13834 6193541120 Not Found: /api/users/sergeyfrolov/share/
WARNING 2025-03-09 19:33:20,394 basehttp 13834 6193541120 "GET /api/users/sergeyfrolov/share/ HTTP/1.1" 404 6004
WARNING 2025-03-09 19:33:24,427 log 13834 6193541120 Not Found: /api/users/sergeyfrolov/share/
WARNING 2025-03-09 19:33:24,428 basehttp 13834 6193541120 "GET /api/users/sergeyfrolov/share/ HTTP/1.1" 404 6004
WARNING 2025-03-09 19:33:27,835 log 13834 6193541120 Not Found: /api/users/sergeyfrolov/share/
WARNING 2025-03-09 19:33:27,835 basehttp 13834 6193541120 "GET /api/users/sergeyfrolov/share/ HTTP/1.1" 404 6004
WARNING 2025-03-09 19:33:33,549 log 13834 6210367488 Not Found: /api/users/sergeyfrolov/
WARNING 2025-03-09 19:33:33,549 basehttp 13834 6210367488 "GET /api/users/sergeyfrolov/ HTTP/1.1" 404 5986
INFO 2025-03-09 19:33:33,596 basehttp 13834 6193541120 "GET /api/places/ HTTP/1.1" 200 3994
WARNING 2025-03-09 19:33:36,435 log 13834 6193541120 Not Found: /api/users/sergeyfrolov/share/
WARNING 2025-03-09 19:33:36,435 basehttp 13834 6193541120 "GET /api/users/sergeyfrolov/share/ HTTP/1.1" 404 6004
WARNING 2025-03-09 19:36:28,956 log 13834 6210367488 Not Found: /api/users/sergeyfrolov/
WARNING 2025-03-09 19:36:28,957 basehttp 13834 6210367488 "GET /api/users/sergeyfrolov/ HTTP/1.1" 404 5986
INFO 2025-03-09 19:36:28,969 basehttp 13834 6193541120 "GET /api/places/ HTTP/1.1" 200 3994
WARNING 2025-03-09 19:37:47,793 log 13834 6193541120 Not Found: /api/users/profile/
WARNING 2025-03-09 19:37:47,794 basehttp 13834 6193541120 "GET /api/users/profile/ HTTP/1.1" 404 5971
INFO 2025-03-09 19:37:47,813 basehttp 13834 6210367488 "GET /api/places/ HTTP/1.1" 200 3994
WARNING 2025-03-09 19:37:55,101 log 13834 6193541120 Not Found: /api/users/sergeyfrolov/
WARNING 2025-03-09 19:37:55,102 basehttp 13834 6193541120 "GET /api/users/sergeyfrolov/ HTTP/1.1" 404 5986
WARNING 2025-03-09 19:43:05,025 log 13834 6210367488 Not Found: /api/users/sergeyfrolov/
WARNING 2025-03-09 19:43:05,026 basehttp 13834 6210367488 "GET /api/users/sergeyfrolov/ HTTP/1.1" 404 5986
INFO 2025-03-09 19:43:05,041 basehttp 13834 6193541120 "GET /api/places/ HTTP/1.1" 200 3994
WARNING 2025-03-09 19:45:11,852 log 13834 6210367488 Not Found: /api/users/sergeyfrolov/
WARNING 2025-03-09 19:45:11,853 basehttp 13834 6210367488 "GET /api/users/sergeyfrolov/ HTTP/1.1" 404 5986
INFO 2025-03-09 19:45:11,866 basehttp 13834 6193541120 "GET /api/places/ HTTP/1.1" 200 3994
INFO 2025-03-09 19:52:12,489 basehttp 13834 6193541120 "GET /api/places/ HTTP/1.1" 200 3994
WARNING 2025-03-09 19:54:31,104 log 13834 6210367488 Not Found: /api/users/sergeyfrolov/
WARNING 2025-03-09 19:54:31,105 basehttp 13834 6210367488 "GET /api/users/sergeyfrolov/ HTTP/1.1" 404 5986
INFO 2025-03-09 19:54:31,119 basehttp 13834 6193541120 "GET /api/places/ HTTP/1.1" 200 3994
WARNING 2025-03-09 19:54:33,322 log 13834 6193541120 Not Found: /api/users/sergeyfrolov/share/
WARNING 2025-03-09 19:54:33,323 basehttp 13834 6193541120 "GET /api/users/sergeyfrolov/share/ HTTP/1.1" 404 6004
WARNING 2025-03-09 19:56:27,133 log 13834 6210367488 Not Found: /api/users/profile/
WARNING 2025-03-09 19:56:27,133 basehttp 13834 6210367488 "GET /api/users/profile/ HTTP/1.1" 404 5971
INFO 2025-03-09 19:56:27,141 basehttp 13834 6193541120 "GET /api/places/ HTTP/1.1" 200 3994
WARNING 2025-03-09 19:56:31,452 log 13834 6193541120 Not Found: /api/users/sergeyfrolov/
WARNING 2025-03-09 19:56:31,453 basehttp 13834 6193541120 "GET /api/users/sergeyfrolov/ HTTP/1.1" 404 5986
WARNING 2025-03-09 19:56:58,635 log 13834 6210367488 Not Found: /api/users/sergeyfrolov/
WARNING 2025-03-09 19:56:58,635 basehttp 13834 6210367488 "GET /api/users/sergeyfrolov/ HTTP/1.1" 404 5986
INFO 2025-03-09 19:56:58,647 basehttp 13834 6193541120 "GET /api/places/ HTTP/1.1" 200 3994
WARNING 2025-03-09 19:57:08,247 log 13834 6210367488 Not Found: /api/users/admin/
WARNING 2025-03-09 19:57:08,247 basehttp 13834 6210367488 "GET /api/users/admin/ HTTP/1.1" 404 5965
INFO 2025-03-09 19:57:08,253 basehttp 13834 6193541120 "GET /api/places/ HTTP/1.1" 200 3994
WARNING 2025-03-09 19:59:24,050 log 13834 6210367488 Not Found: /api/users/sergeyfrolov/
WARNING 2025-03-09 19:59:24,051 basehttp 13834 6210367488 "GET /api/users/sergeyfrolov/ HTTP/1.1" 404 5986
INFO 2025-03-09 19:59:24,064 basehttp 13834 6193541120 "GET /api/places/ HTTP/1.1" 200 3994
INFO 2025-03-09 19:59:28,760 basehttp 13834 6193541120 "GET /api/places/ispolkomskaja-455150/ HTTP/1.1" 200 684
WARNING 2025-03-09 19:59:39,879 log 13834 6193541120 Not Found: /api/users/profile/
WARNING 2025-03-09 19:59:39,881 basehttp 13834 6193541120 "GET /api/users/profile/ HTTP/1.1" 404 5971
WARNING 2025-03-09 20:02:18,578 log 13834 6210367488 Not Found: /api/users/sergeyfrolov/
WARNING 2025-03-09 20:02:18,579 basehttp 13834 6210367488 "GET /api/users/sergeyfrolov/ HTTP/1.1" 404 5986
INFO 2025-03-09 20:02:18,595 basehttp 13834 6193541120 "GET /api/places/ HTTP/1.1" 200 3994
WARNING 2025-03-09 20:02:20,151 log 13834 6193541120 Not Found: /api/users/sergeyfrolov/share/
WARNING 2025-03-09 20:02:20,151 basehttp 13834 6193541120 "GET /api/users/sergeyfrolov/share/ HTTP/1.1" 404 6004
WARNING 2025-03-09 20:07:39,553 log 13834 6193541120 Not Found: /api/users/sergeyfrolov/
WARNING 2025-03-09 20:07:39,553 basehttp 13834 6193541120 "GET /api/users/sergeyfrolov/ HTTP/1.1" 404 5986
INFO 2025-03-09 20:07:39,568 basehttp 13834 6210367488 "GET /api/places/ HTTP/1.1" 200 3994
INFO 2025-03-09 20:07:39,583 basehttp 13834 6227193856 "GET /media/places/IMG_7927_NVzwyzZ.jpeg HTTP/1.1" 200 77887
INFO 2025-03-09 20:07:39,589 basehttp 13834 6210367488 "GET /media/places/IMG_7927_eOPlhbN.jpeg HTTP/1.1" 200 77887
INFO 2025-03-09 20:07:39,596 basehttp 13834 6193541120 "GET /media/places/Screenshot_2025-03-03_at_1.57.36AM.png HTTP/1.1" 200 251732
INFO 2025-03-09 20:07:39,612 basehttp 13834 6244020224 "GET /media/places/Screenshot_2025-03-02_at_10_mj5b2p7.57.18PM.png HTTP/1.1" 200 1110223
WARNING 2025-03-09 20:07:58,705 log 13834 6210367488 Not Found: /api/users/sergeyfrolov/
WARNING 2025-03-09 20:07:58,705 basehttp 13834 6210367488 "GET /api/users/sergeyfrolov/ HTTP/1.1" 404 5986
INFO 2025-03-09 20:07:58,711 basehttp 13834 6193541120 "GET /api/places/ HTTP/1.1" 200 3994
WARNING 2025-03-09 20:08:18,436 log 13834 6193541120 Not Found: /api/users/sergeyfrolov/
WARNING 2025-03-09 20:08:18,437 basehttp 13834 6193541120 "PATCH /api/users/sergeyfrolov/ HTTP/1.1" 404 5988
WARNING 2025-03-09 20:08:18,457 log 13834 6193541120 Not Found: /api/users/sergeyfrolov/
WARNING 2025-03-09 20:08:18,457 basehttp 13834 6193541120 "GET /api/users/sergeyfrolov/ HTTP/1.1" 404 5986
INFO 2025-03-09 20:08:25,574 basehttp 13834 6193541120 "GET /api/places/ HTTP/1.1" 200 3994
INFO 2025-03-09 20:08:31,724 basehttp 13834 6193541120 "GET /admin/auth/user/ HTTP/1.1" 200 12146
INFO 2025-03-09 20:08:31,775 basehttp 13834 6193541120 "GET /admin/jsi18n/ HTTP/1.1" 200 3342
INFO 2025-03-09 20:08:34,166 basehttp 13834 6193541120 "GET /admin/auth/user/1/change/ HTTP/1.1" 200 22958
INFO 2025-03-09 20:08:34,221 basehttp 13834 6193541120 "GET /admin/jsi18n/ HTTP/1.1" 200 3342
INFO 2025-03-09 20:08:34,221 basehttp 13834 6244020224 "GET /static/admin/js/SelectBox.js HTTP/1.1" 200 4530
INFO 2025-03-09 20:08:34,222 basehttp 13834 6227193856 "GET /static/admin/js/admin/DateTimeShortcuts.js HTTP/1.1" 200 19319
INFO 2025-03-09 20:08:34,223 basehttp 13834 6210367488 "GET /static/admin/js/calendar.js HTTP/1.1" 200 9141
INFO 2025-03-09 20:08:34,223 basehttp 13834 6260846592 "GET /static/admin/js/SelectFilter2.js HTTP/1.1" 200 15502
INFO 2025-03-09 20:08:34,256 basehttp 13834 6210367488 "GET /static/admin/img/selector-icons.svg HTTP/1.1" 200 3291
INFO 2025-03-09 20:08:34,256 basehttp 13834 6244020224 "GET /static/admin/img/icon-clock.svg HTTP/1.1" 200 677
INFO 2025-03-09 20:08:34,256 basehttp 13834 6227193856 "GET /static/admin/img/icon-unknown-alt.svg HTTP/1.1" 200 655
INFO 2025-03-09 20:08:34,256 basehttp 13834 6193541120 "GET /static/admin/img/icon-calendar.svg HTTP/1.1" 200 1086
INFO 2025-03-09 20:08:34,256 basehttp 13834 6260846592 "GET /static/admin/img/icon-unknown.svg HTTP/1.1" 200 655
INFO 2025-03-09 20:08:44,268 basehttp 13834 6193541120 "GET /admin/auth/group/ HTTP/1.1" 200 8581
INFO 2025-03-09 20:08:44,319 basehttp 13834 6193541120 "GET /admin/jsi18n/ HTTP/1.1" 200 3342
INFO 2025-03-09 20:08:45,409 basehttp 13834 6193541120 "GET /admin/auth/user/ HTTP/1.1" 200 12146
INFO 2025-03-09 20:08:45,452 basehttp 13834 6193541120 "GET /admin/jsi18n/ HTTP/1.1" 200 3342
WARNING 2025-03-09 20:09:46,906 log 13834 6210367488 Not Found: /api/users/sergeyfrolov/
WARNING 2025-03-09 20:09:46,907 basehttp 13834 6210367488 "GET /api/users/sergeyfrolov/ HTTP/1.1" 404 5986
INFO 2025-03-09 20:09:46,918 basehttp 13834 6193541120 "GET /api/places/ HTTP/1.1" 200 3994
WARNING 2025-03-09 20:09:51,095 log 13834 6193541120 Not Found: /api/users/sergeyfrolov/share/
WARNING 2025-03-09 20:09:51,096 basehttp 13834 6193541120 "GET /api/users/sergeyfrolov/share/ HTTP/1.1" 404 6004
WARNING 2025-03-09 20:10:24,336 log 13834 6193541120 Not Found: /api/users/sergeyfrolov/share/
WARNING 2025-03-09 20:10:24,337 basehttp 13834 6193541120 "GET /api/users/sergeyfrolov/share/ HTTP/1.1" 404 6004
WARNING 2025-03-09 20:12:09,967 log 13834 6210367488 Not Found: /api/users/sergeyfrolov/
WARNING 2025-03-09 20:12:09,968 basehttp 13834 6210367488 "GET /api/users/sergeyfrolov/ HTTP/1.1" 404 5986
INFO 2025-03-09 20:12:09,978 basehttp 13834 6193541120 "GET /api/places/ HTTP/1.1" 200 3994
WARNING 2025-03-09 20:13:24,379 log 13834 6210367488 Not Found: /api/users/sergeyfrolov/
WARNING 2025-03-09 20:13:24,380 basehttp 13834 6210367488 "GET /api/users/sergeyfrolov/ HTTP/1.1" 404 5986
INFO 2025-03-09 20:13:24,393 basehttp 13834 6193541120 "GET /api/places/ HTTP/1.1" 200 3994
INFO 2025-03-09 20:14:22,098 views 13834 6193541120 Создание нового места: {'name': 'Тестинг', 'location': 'Москва', 'rating': 5, 'review': ''}
INFO 2025-03-09 20:14:22,158 views 13834 6193541120 Место успешно создано: {'id': 17, 'images': [], 'name': 'Тестинг', 'location': 'Москва', 'rating': 5, 'review': '', 'created_at': '2025-03-09T20:14:22.148980Z', 'slug': 'testing'}
INFO 2025-03-09 20:14:22,159 basehttp 13834 6193541120 "POST /api/places/ HTTP/1.1" 201 154
INFO 2025-03-09 20:14:22,346 views 13834 6193541120 Успешно загружено 1 изображений для места 17
INFO 2025-03-09 20:14:22,347 basehttp 13834 6193541120 "POST /api/places/testing/upload_images/ HTTP/1.1" 201 143
INFO 2025-03-09 20:14:22,410 basehttp 13834 6193541120 "GET /api/places/ HTTP/1.1" 200 4290
INFO 2025-03-09 20:14:22,429 basehttp 13834 6210367488 "GET /media/places/IMG_2994.jpeg HTTP/1.1" 200 70895
INFO 2025-03-09 20:14:22,446 basehttp 13834 6193541120 "GET /api/places/ HTTP/1.1" 200 4290
INFO 2025-03-09 20:14:22,466 basehttp 13834 6193541120 "GET /api/places/ HTTP/1.1" 200 4290
INFO 2025-03-09 20:14:22,487 basehttp 13834 6193541120 "GET /api/places/ HTTP/1.1" 200 4290
INFO 2025-03-09 20:14:22,502 basehttp 13834 6193541120 "GET /api/places/ HTTP/1.1" 200 4290
INFO 2025-03-09 20:14:22,513 basehttp 13834 6193541120 "GET /api/places/ HTTP/1.1" 200 4290
INFO 2025-03-09 20:14:22,526 basehttp 13834 6193541120 "GET /api/places/ HTTP/1.1" 200 4290
INFO 2025-03-09 20:14:22,539 basehttp 13834 6193541120 "GET /api/places/ HTTP/1.1" 200 4290
INFO 2025-03-09 20:14:22,550 basehttp 13834 6193541120 "GET /api/places/ HTTP/1.1" 200 4290
INFO 2025-03-09 20:14:22,563 basehttp 13834 6193541120 "GET /api/places/ HTTP/1.1" 200 4290
INFO 2025-03-09 20:14:22,580 basehttp 13834 6193541120 "GET /api/places/ HTTP/1.1" 200 4290
INFO 2025-03-09 20:14:22,592 basehttp 13834 6193541120 "GET /api/places/ HTTP/1.1" 200 4290
INFO 2025-03-09 20:14:22,615 basehttp 13834 6193541120 "GET /api/places/ HTTP/1.1" 200 4290
INFO 2025-03-09 20:14:22,627 basehttp 13834 6193541120 "GET /api/places/ HTTP/1.1" 200 4290
INFO 2025-03-09 20:14:22,637 basehttp 13834 6193541120 "GET /api/places/ HTTP/1.1" 200 4290
INFO 2025-03-09 20:14:34,940 basehttp 13834 6210367488 "GET /api/places/testing/ HTTP/1.1" 200 295
INFO 2025-03-09 20:14:34,940 basehttp 13834 6193541120 "GET /api/places/ HTTP/1.1" 200 4290
INFO 2025-03-09 20:14:34,956 basehttp 13834 6193541120 "GET /media/places/IMG_2994.jpeg HTTP/1.1" 304 0
WARNING 2025-03-09 20:14:44,538 log 13834 6193541120 Not Found: /api/users/sergeyfrolov/
WARNING 2025-03-09 20:14:44,539 basehttp 13834 6193541120 "GET /api/users/sergeyfrolov/ HTTP/1.1" 404 5986
INFO 2025-03-09 20:14:45,177 basehttp 13834 6193541120 "GET /api/places/ispolkomskaja-455150/ HTTP/1.1" 200 684
INFO 2025-03-09 20:14:48,384 basehttp 13834 6193541120 "GET /api/places/ispolkomskaja/ HTTP/1.1" 200 677
INFO 2025-03-09 20:14:48,394 basehttp 13834 6193541120 "GET /media/places/IMG_7932_Sq63SBN.jpeg HTTP/1.1" 200 73494
INFO 2025-03-09 20:14:48,394 basehttp 13834 6210367488 "GET /media/places/IMG_7966_WdKJdOx.jpeg HTTP/1.1" 200 104852
WARNING 2025-03-09 20:18:24,802 log 13834 6210367488 Not Found: /api/users/sergeyfrolov/
WARNING 2025-03-09 20:18:24,803 basehttp 13834 6210367488 "GET /api/users/sergeyfrolov/ HTTP/1.1" 404 5986
INFO 2025-03-09 20:18:24,815 basehttp 13834 6193541120 "GET /api/places/ HTTP/1.1" 200 4290
INFO 2025-03-09 20:18:24,822 basehttp 13834 6193541120 "GET /media/places/IMG_2994.jpeg HTTP/1.1" 304 0
INFO 2025-03-09 20:18:53,885 basehttp 13834 6193541120 "GET /api/places/testing/ HTTP/1.1" 200 295
WARNING 2025-03-09 20:20:34,609 log 13834 6210367488 Not Found: /api/users/sergeyfrolov/
WARNING 2025-03-09 20:20:34,611 basehttp 13834 6210367488 "GET /api/users/sergeyfrolov/ HTTP/1.1" 404 5986
INFO 2025-03-09 20:20:34,621 basehttp 13834 6193541120 "GET /api/places/ HTTP/1.1" 200 4290
INFO 2025-03-09 20:26:18,147 basehttp 13834 6193541120 "GET /api/places/ HTTP/1.1" 200 4290
INFO 2025-03-09 20:28:32,230 basehttp 13834 6193541120 "GET /api/places/ HTTP/1.1" 200 4290
WARNING 2025-03-09 20:29:38,955 log 13834 6210367488 Not Found: /api/users/sergeyfrolov/
WARNING 2025-03-09 20:29:38,955 basehttp 13834 6210367488 "GET /api/users/sergeyfrolov/ HTTP/1.1" 404 5986
INFO 2025-03-09 20:29:38,969 basehttp 13834 6193541120 "GET /api/places/ HTTP/1.1" 200 4290
INFO 2025-03-09 20:29:38,977 basehttp 13834 6193541120 "GET /media/places/IMG_2994.jpeg HTTP/1.1" 304 0
WARNING 2025-03-09 20:29:55,166 log 13834 6210367488 Not Found: /api/users/sergeyfrolov/
WARNING 2025-03-09 20:29:55,168 basehttp 13834 6210367488 "GET /api/users/sergeyfrolov/ HTTP/1.1" 404 5986
INFO 2025-03-09 20:29:55,177 basehttp 13834 6193541120 "GET /api/places/ HTTP/1.1" 200 4290
INFO 2025-03-09 20:30:19,048 basehttp 13834 6193541120 "GET /api/places/testing/ HTTP/1.1" 200 295
INFO 2025-03-09 20:30:27,544 basehttp 13834 6193541120 "GET /api/places/ HTTP/1.1" 200 4290
INFO 2025-03-09 20:30:27,544 basehttp 13834 6210367488 "GET /api/places/testing/ HTTP/1.1" 200 295
INFO 2025-03-09 20:30:33,108 basehttp 13834 6210367488 "GET /api/places/testing/ HTTP/1.1" 200 295
INFO 2025-03-09 20:30:33,108 basehttp 13834 6193541120 "GET /api/places/ HTTP/1.1" 200 4290
WARNING 2025-03-09 20:31:06,382 log 13834 6192967680 Not Found: /api/users/sergeyfrolov/
WARNING 2025-03-09 20:31:06,384 basehttp 13834 6192967680 "GET /api/users/sergeyfrolov/ HTTP/1.1" 404 5986
WARNING 2025-03-09 20:31:22,996 log 13834 6209794048 Not Found: /api/users/sergeyfrolov/
WARNING 2025-03-09 20:31:22,997 basehttp 13834 6209794048 "GET /api/users/sergeyfrolov/ HTTP/1.1" 404 5986
INFO 2025-03-09 20:31:23,020 basehttp 13834 6192967680 "GET /api/places/ HTTP/1.1" 200 4290
INFO 2025-03-09 20:31:23,025 basehttp 13834 6192967680 "GET /media/places/IMG_2994.jpeg HTTP/1.1" 304 0
WARNING 2025-03-09 20:32:56,249 log 13834 6209794048 Not Found: /api/users/sergeyfrolov/
WARNING 2025-03-09 20:32:56,250 basehttp 13834 6209794048 "GET /api/users/sergeyfrolov/ HTTP/1.1" 404 5986
INFO 2025-03-09 20:32:56,263 basehttp 13834 6192967680 "GET /api/places/ HTTP/1.1" 200 4290
INFO 2025-03-09 20:33:57,705 basehttp 13834 6192967680 "GET /api/places/ HTTP/1.1" 200 4290
INFO 2025-03-09 20:34:42,642 basehttp 13834 6192967680 "GET /api/places/testing/ HTTP/1.1" 200 295
WARNING 2025-03-09 20:34:45,684 log 13834 6192967680 Not Found: /api/users/sergeyfrolov/
WARNING 2025-03-09 20:34:45,684 basehttp 13834 6192967680 "GET /api/users/sergeyfrolov/ HTTP/1.1" 404 5986
WARNING 2025-03-09 20:35:27,325 log 13834 6209794048 Not Found: /api/users/sergeyfrolov/
WARNING 2025-03-09 20:35:27,325 basehttp 13834 6209794048 "GET /api/users/sergeyfrolov/ HTTP/1.1" 404 5986
INFO 2025-03-09 20:35:27,337 basehttp 13834 6192967680 "GET /api/places/ HTTP/1.1" 200 4290
INFO 2025-03-09 20:35:27,344 basehttp 13834 6192967680 "GET /media/places/IMG_2994.jpeg HTTP/1.1" 304 0
WARNING 2025-03-09 20:35:28,255 log 13834 6192967680 Not Found: /api/users/sergeyfrolov/
WARNING 2025-03-09 20:35:28,255 basehttp 13834 6192967680 "GET /api/users/sergeyfrolov/ HTTP/1.1" 404 5986
INFO 2025-03-09 20:35:28,264 basehttp 13834 6209794048 "GET /api/places/ HTTP/1.1" 200 4290
WARNING 2025-03-09 20:35:29,074 log 13834 6209794048 Not Found: /api/users/sergeyfrolov/
WARNING 2025-03-09 20:35:29,074 basehttp 13834 6209794048 "GET /api/users/sergeyfrolov/ HTTP/1.1" 404 5986
INFO 2025-03-09 20:35:29,079 basehttp 13834 6192967680 "GET /api/places/ HTTP/1.1" 200 4290
WARNING 2025-03-09 20:35:29,867 log 13834 6209794048 Not Found: /api/users/sergeyfrolov/
WARNING 2025-03-09 20:35:29,867 basehttp 13834 6209794048 "GET /api/users/sergeyfrolov/ HTTP/1.1" 404 5986
INFO 2025-03-09 20:35:29,874 basehttp 13834 6192967680 "GET /api/places/ HTTP/1.1" 200 4290
WARNING 2025-03-09 20:35:31,132 log 13834 6209794048 Not Found: /api/users/sergeyfrolov/
WARNING 2025-03-09 20:35:31,133 basehttp 13834 6209794048 "GET /api/users/sergeyfrolov/ HTTP/1.1" 404 5986
INFO 2025-03-09 20:35:31,140 basehttp 13834 6192967680 "GET /api/places/ HTTP/1.1" 200 4290
WARNING 2025-03-09 20:44:05,651 log 13834 6192967680 Not Found: /api/users/sergeyfrolov/share/
WARNING 2025-03-09 20:44:05,652 basehttp 13834 6192967680 "GET /api/users/sergeyfrolov/share/ HTTP/1.1" 404 6004
INFO 2025-03-09 20:44:34,680 basehttp 13834 6192967680 "GET /api/places/sergey/ HTTP/1.1" 200 903
INFO 2025-03-09 20:44:34,704 basehttp 13834 6192967680 "GET /media/places/Screenshot_2025-03-03_at_2.08.43AM.png HTTP/1.1" 200 176723
INFO 2025-03-09 20:44:34,704 basehttp 13834 6209794048 "GET /media/places/Screenshot_2025-03-03_at_2.18.10AM.png HTTP/1.1" 200 132288
INFO 2025-03-09 20:44:34,712 basehttp 13834 6227767296 "GET /media/places/Screenshot_2025-03-03_at_2.28.57AM.png HTTP/1.1" 200 448105
WARNING 2025-03-09 20:44:45,330 log 13834 6209794048 Not Found: /api/users/sergeyfrolov/
WARNING 2025-03-09 20:44:45,331 basehttp 13834 6209794048 "GET /api/users/sergeyfrolov/ HTTP/1.1" 404 5986
INFO 2025-03-09 20:44:45,339 basehttp 13834 6192967680 "GET /api/places/ HTTP/1.1" 200 4290
INFO 2025-03-09 20:47:44,538 basehttp 13834 6192967680 "GET /api/places/ispolkomskaja/ HTTP/1.1" 200 677
WARNING 2025-03-09 20:47:46,007 log 13834 6209794048 Not Found: /api/users/sergeyfrolov/
WARNING 2025-03-09 20:47:46,008 basehttp 13834 6209794048 "GET /api/users/sergeyfrolov/ HTTP/1.1" 404 5986
INFO 2025-03-09 20:47:46,015 basehttp 13834 6192967680 "GET /api/places/ HTTP/1.1" 200 4290
INFO 2025-03-09 21:14:12,590 basehttp 13834 6192967680 "GET /media/places/IMG_7932_QmSoDkk.jpeg HTTP/1.1" 304 0
INFO 2025-03-09 21:14:12,640 basehttp 13834 6209794048 "GET /media/places/Screenshot_2025-03-02_at_11.01.27PM.png HTTP/1.1" 200 502499
INFO 2025-03-09 21:14:12,651 basehttp 13834 6227767296 "GET /media/places/Screenshot_2025-03-02_at_11.08.46PM.png HTTP/1.1" 200 876812
INFO 2025-03-09 21:14:12,656 basehttp 13834 6295072768 "GET /media/places/Screenshot_2025-03-02_at_11.39.46PM.png HTTP/1.1" 200 839378
INFO 2025-03-09 21:14:12,666 basehttp 13834 6244593664 "GET /media/places/Screenshot_2025-03-02_at_11.13.19PM.png HTTP/1.1" 200 1064722
INFO 2025-03-09 21:14:12,672 basehttp 13834 6261420032 "GET /media/places/Screenshot_2025-03-02_at_11.29.35PM.png HTTP/1.1" 200 1160603
INFO 2025-03-09 21:14:12,683 basehttp 13834 6192967680 "GET /media/places/Screenshot_2025-03-02_at_11.44.19PM.png HTTP/1.1" 200 1803919
INFO 2025-03-09 21:14:12,718 basehttp 13834 6209794048 "GET /media/places/Screenshot_2025-03-02_at_11.51.33PM.png HTTP/1.1" 200 1801646
INFO 2025-03-09 21:14:12,795 basehttp 13834 6278246400 "GET /api/places/ HTTP/1.1" 200 4290
WARNING 2025-03-09 21:15:04,382 log 13834 6209794048 Not Found: /api/users/sergeyfrolov/
WARNING 2025-03-09 21:15:04,382 basehttp 13834 6209794048 "GET /api/users/sergeyfrolov/ HTTP/1.1" 404 5986
INFO 2025-03-09 21:15:04,402 basehttp 13834 6192967680 "GET /api/places/ HTTP/1.1" 200 4290
INFO 2025-03-09 21:15:04,408 basehttp 13834 6192967680 "GET /media/places/IMG_2994.jpeg HTTP/1.1" 304 0
INFO 2025-03-09 21:15:17,967 basehttp 13834 6192967680 "GET /api/places/testing/ HTTP/1.1" 200 295
INFO 2025-03-09 21:16:04,978 basehttp 13834 6192967680 "GET /api/places/ispolkomskaja-455150/ HTTP/1.1" 200 684
INFO 2025-03-09 21:16:13,622 basehttp 13834 6192967680 "GET /admin/backend/place/ HTTP/1.1" 200 14042
INFO 2025-03-09 21:16:13,682 basehttp 13834 6192967680 "GET /admin/jsi18n/ HTTP/1.1" 200 3342
WARNING 2025-03-09 21:16:28,678 log 13834 6209794048 Not Found: /api/users/sergeyfrolov/
WARNING 2025-03-09 21:16:28,679 basehttp 13834 6209794048 "GET /api/users/sergeyfrolov/ HTTP/1.1" 404 5986
INFO 2025-03-09 21:16:28,694 basehttp 13834 6192967680 "GET /api/places/ HTTP/1.1" 200 4290
INFO 2025-03-09 21:16:51,687 basehttp 13834 6192967680 "GET /api/places/testing/ HTTP/1.1" 200 295
WARNING 2025-03-09 21:21:07,755 log 13834 6209794048 Not Found: /api/users/sergeyfrolov/
WARNING 2025-03-09 21:21:07,756 basehttp 13834 6209794048 "GET /api/users/sergeyfrolov/ HTTP/1.1" 404 5986
INFO 2025-03-09 21:21:07,772 basehttp 13834 6192967680 "GET /api/places/ HTTP/1.1" 200 4290
WARNING 2025-03-09 21:21:49,808 log 13834 6209794048 Not Found: /api/users/sergeyfrolov/
WARNING 2025-03-09 21:21:49,808 basehttp 13834 6209794048 "GET /api/users/sergeyfrolov/ HTTP/1.1" 404 5986
INFO 2025-03-09 21:21:49,819 basehttp 13834 6192967680 "GET /api/places/ HTTP/1.1" 200 4290
INFO 2025-03-09 21:21:49,827 basehttp 13834 6192967680 "GET /media/places/IMG_2994.jpeg HTTP/1.1" 304 0
WARNING 2025-03-09 21:22:46,010 log 13834 6209794048 Not Found: /api/users/sergeyfrolov/
WARNING 2025-03-09 21:22:46,010 basehttp 13834 6209794048 "GET /api/users/sergeyfrolov/ HTTP/1.1" 404 5986
INFO 2025-03-09 21:22:46,021 basehttp 13834 6192967680 "GET /api/places/ HTTP/1.1" 200 4290
INFO 2025-03-09 21:22:50,764 basehttp 13834 6192967680 "GET /api/places/testing/ HTTP/1.1" 200 295
INFO 2025-03-09 21:22:54,570 basehttp 13834 6192967680 "GET /api/places/sergey/ HTTP/1.1" 200 903
WARNING 2025-03-09 21:23:08,803 log 13834 6209794048 Not Found: /api/users/sergeyfrolov/
WARNING 2025-03-09 21:23:08,803 basehttp 13834 6209794048 "GET /api/users/sergeyfrolov/ HTTP/1.1" 404 5986
INFO 2025-03-09 21:23:08,908 basehttp 13834 6192967680 "GET /api/places/ HTTP/1.1" 200 4290
INFO 2025-03-09 21:23:12,085 basehttp 13834 6192967680 "GET /api/places/sergey/ HTTP/1.1" 200 903
INFO 2025-03-09 21:23:36,107 basehttp 13834 6192967680 "GET /api/places/testing/ HTTP/1.1" 200 295
WARNING 2025-03-09 21:29:45,847 log 13834 6209794048 Not Found: /api/users/sergeyfrolov/
WARNING 2025-03-09 21:29:45,848 basehttp 13834 6209794048 "GET /api/users/sergeyfrolov/ HTTP/1.1" 404 5986
INFO 2025-03-09 21:29:45,856 basehttp 13834 6192967680 "GET /api/places/ HTTP/1.1" 200 4290
INFO 2025-03-09 21:29:45,864 basehttp 13834 6192967680 "GET /media/places/IMG_2994.jpeg HTTP/1.1" 304 0
INFO 2025-03-09 21:29:49,558 basehttp 13834 6192967680 "GET /api/places/testing/ HTTP/1.1" 200 295
INFO 2025-03-09 21:29:52,500 basehttp 13834 6192967680 "GET /api/places/sergey/ HTTP/1.1" 200 903
WARNING 2025-03-09 21:33:30,413 log 13834 6209794048 Not Found: /api/users/sergeyfrolov/
WARNING 2025-03-09 21:33:30,413 basehttp 13834 6209794048 "GET /api/users/sergeyfrolov/ HTTP/1.1" 404 5986
INFO 2025-03-09 21:33:30,446 basehttp 13834 6192967680 "GET /api/places/ HTTP/1.1" 200 4290
WARNING 2025-03-09 21:34:12,745 log 13834 6209794048 Not Found: /api/users/sergeyfrolov/
WARNING 2025-03-09 21:34:12,745 basehttp 13834 6209794048 "GET /api/users/sergeyfrolov/ HTTP/1.1" 404 5986
INFO 2025-03-09 21:34:12,757 basehttp 13834 6192967680 "GET /api/places/ HTTP/1.1" 200 4290
WARNING 2025-03-09 21:34:28,922 log 13834 6209794048 Not Found: /api/users/sergeyfrolov/
WARNING 2025-03-09 21:34:28,922 basehttp 13834 6209794048 "GET /api/users/sergeyfrolov/ HTTP/1.1" 404 5986
INFO 2025-03-09 21:34:28,929 basehttp 13834 6192967680 "GET /api/places/ HTTP/1.1" 200 4290
INFO 2025-03-09 21:35:11,338 basehttp 13834 6209794048 "GET /api/places/ispolkomskaja/ HTTP/1.1" 200 677
INFO 2025-03-09 21:35:11,338 basehttp 13834 6192967680 "GET /api/places/ HTTP/1.1" 200 4290
INFO 2025-03-09 21:35:13,140 basehttp 13834 6209794048 "GET /api/places/ispolkomskaja/ HTTP/1.1" 200 677
INFO 2025-03-09 21:35:13,140 basehttp 13834 6192967680 "GET /api/places/ HTTP/1.1" 200 4290
INFO 2025-03-09 21:35:15,004 basehttp 13834 6209794048 "GET /api/places/ispolkomskaja/ HTTP/1.1" 200 677
INFO 2025-03-09 21:35:15,004 basehttp 13834 6192967680 "GET /api/places/ HTTP/1.1" 200 4290
INFO 2025-03-09 21:35:17,790 basehttp 13834 6192967680 "GET /api/places/ HTTP/1.1" 200 4290
INFO 2025-03-09 21:35:17,790 basehttp 13834 6209794048 "GET /api/places/ispolkomskaja/ HTTP/1.1" 200 677
INFO 2025-03-09 21:35:23,096 basehttp 13834 6192967680 "GET /api/places/ HTTP/1.1" 200 4290
INFO 2025-03-09 21:35:23,098 basehttp 13834 6209794048 "GET /api/places/sergey/ HTTP/1.1" 200 903
INFO 2025-03-09 21:35:52,051 basehttp 13834 6192967680 "GET /api/places/ HTTP/1.1" 200 4290
INFO 2025-03-09 21:35:52,051 basehttp 13834 6209794048 "GET /api/places/testing/ HTTP/1.1" 200 295
WARNING 2025-03-09 21:39:42,763 log 13834 6192967680 Not Found: /api/users/sergeyfrolov/
WARNING 2025-03-09 21:39:42,763 basehttp 13834 6192967680 "GET /api/users/sergeyfrolov/ HTTP/1.1" 404 5986
INFO 2025-03-09 21:39:42,776 basehttp 13834 6209794048 "GET /api/places/ HTTP/1.1" 200 4290
INFO 2025-03-09 21:39:42,782 basehttp 13834 6192967680 "GET /media/places/IMG_2994.jpeg HTTP/1.1" 304 0
WARNING 2025-03-09 21:41:02,510 log 13834 6209794048 Not Found: /api/users/sergeyfrolov/
WARNING 2025-03-09 21:41:02,511 basehttp 13834 6209794048 "GET /api/users/sergeyfrolov/ HTTP/1.1" 404 5986
INFO 2025-03-09 21:41:02,527 basehttp 13834 6192967680 "GET /api/places/ HTTP/1.1" 200 4290
INFO 2025-03-09 21:41:07,132 basehttp 13834 6192967680 "GET /api/places/ HTTP/1.1" 200 4290
INFO 2025-03-09 21:41:07,133 basehttp 13834 6209794048 "GET /api/places/ispolkomskaja-455150/ HTTP/1.1" 200 684
INFO 2025-03-09 21:41:13,957 basehttp 13834 6192967680 "GET /api/places/ HTTP/1.1" 200 4290
INFO 2025-03-09 21:41:13,957 basehttp 13834 6209794048 "GET /api/places/sergey/ HTTP/1.1" 200 903
INFO 2025-03-09 21:41:19,390 basehttp 13834 6209794048 "GET /api/places/sergey/ HTTP/1.1" 200 903
INFO 2025-03-09 21:41:19,390 basehttp 13834 6192967680 "GET /api/places/ HTTP/1.1" 200 4290
WARNING 2025-03-09 21:41:39,636 log 13834 6209794048 Not Found: /api/users/sergeyfrolov/
WARNING 2025-03-09 21:41:39,637 basehttp 13834 6209794048 "GET /api/users/sergeyfrolov/ HTTP/1.1" 404 5986
INFO 2025-03-09 21:41:39,652 basehttp 13834 6192967680 "GET /api/places/ HTTP/1.1" 200 4290
WARNING 2025-03-09 21:46:09,687 log 13834 6209794048 Not Found: /api/users/sergeyfrolov/
WARNING 2025-03-09 21:46:09,688 basehttp 13834 6209794048 "GET /api/users/sergeyfrolov/ HTTP/1.1" 404 5986
INFO 2025-03-09 21:46:09,698 basehttp 13834 6192967680 "GET /api/places/ HTTP/1.1" 200 4290
INFO 2025-03-09 21:46:19,708 basehttp 13834 6192967680 "GET /api/places/testing/ HTTP/1.1" 200 295
INFO 2025-03-09 21:46:25,277 basehttp 13834 6192967680 "GET /api/places/ispolkomskaja-455150/ HTTP/1.1" 200 684
INFO 2025-03-09 21:46:30,008 basehttp 13834 6192967680 "GET /api/places/sergey/ HTTP/1.1" 200 903
INFO 2025-03-09 21:46:38,290 basehttp 13834 6192967680 "GET /api/places/ HTTP/1.1" 200 4290
INFO 2025-03-09 21:46:38,292 basehttp 13834 6209794048 "GET /api/places/sergey/ HTTP/1.1" 200 903
WARNING 2025-03-09 21:46:44,910 log 13834 6192967680 Not Found: /api/users/sergeyfrolov/
WARNING 2025-03-09 21:46:44,912 basehttp 13834 6192967680 "GET /api/users/sergeyfrolov/ HTTP/1.1" 404 5986
WARNING 2025-03-09 21:47:38,785 log 13834 6209794048 Not Found: /api/users/sergeyfrolov/
WARNING 2025-03-09 21:47:38,785 basehttp 13834 6209794048 "GET /api/users/sergeyfrolov/ HTTP/1.1" 404 5986
INFO 2025-03-09 21:47:38,797 basehttp 13834 6192967680 "GET /api/places/ HTTP/1.1" 200 4290
INFO 2025-03-09 21:53:12,706 basehttp 13834 6192967680 "GET /api/places/sergey/ HTTP/1.1" 200 903
INFO 2025-03-09 21:53:15,540 basehttp 13834 6192967680 "GET /api/places/ HTTP/1.1" 200 4290
INFO 2025-03-09 21:53:15,542 basehttp 13834 6209794048 "GET /api/places/sergey/ HTTP/1.1" 200 903
INFO 2025-03-09 21:53:17,042 basehttp 13834 6209794048 "GET /media/places/IMG_2994.jpeg HTTP/1.1" 304 0
INFO 2025-03-09 21:53:17,043 basehttp 13834 6192967680 "GET /media/places/IMG_7966_XIw1wHg.jpeg HTTP/1.1" 304 0
WARNING 2025-03-09 21:53:17,102 log 13834 6227767296 Not Found: /api/users/sergeyfrolov/
WARNING 2025-03-09 21:53:17,103 basehttp 13834 6227767296 "GET /api/users/sergeyfrolov/ HTTP/1.1" 404 5986
WARNING 2025-03-09 21:53:54,435 log 13834 6192967680 Not Found: /api/users/sergeyfrolov/
WARNING 2025-03-09 21:53:54,435 basehttp 13834 6192967680 "GET /api/users/sergeyfrolov/ HTTP/1.1" 404 5986
INFO 2025-03-09 21:53:54,449 basehttp 13834 6209794048 "GET /api/places/ HTTP/1.1" 200 4290
INFO 2025-03-09 21:54:01,969 basehttp 13834 6192967680 "GET /api/places/ispolkomskaja/ HTTP/1.1" 200 677
INFO 2025-03-09 21:54:09,406 basehttp 13834 6192967680 "GET /api/places/sergey/ HTTP/1.1" 200 903
INFO 2025-03-09 21:55:56,352 basehttp 13834 6192967680 "GET /api/places/ HTTP/1.1" 200 4290
INFO 2025-03-09 21:55:56,352 basehttp 13834 6209794048 "GET /api/places/sergey/ HTTP/1.1" 200 903
WARNING 2025-03-09 21:55:59,381 log 13834 6192967680 Not Found: /api/users/sergeyfrolov/
WARNING 2025-03-09 21:55:59,382 basehttp 13834 6192967680 "GET /api/users/sergeyfrolov/ HTTP/1.1" 404 5986
INFO 2025-03-09 21:56:13,018 basehttp 13834 6192967680 "GET /api/places/moskva/ HTTP/1.1" 200 1725
INFO 2025-03-09 21:57:16,935 views 13834 6192967680 Создание нового места: {'name': 'Дананг', 'location': 'что-то там', 'rating': 5, 'review': 'фыва'}
INFO 2025-03-09 21:57:16,974 views 13834 6192967680 Место успешно создано: {'id': 18, 'images': [], 'name': 'Дананг', 'location': 'что-то там', 'rating': 5, 'review': 'фыва', 'created_at': '2025-03-09T21:57:16.960987Z', 'slug': 'danang'}
INFO 2025-03-09 21:57:16,975 basehttp 13834 6192967680 "POST /api/places/ HTTP/1.1" 201 165
INFO 2025-03-09 21:57:17,212 views 13834 6192967680 Успешно загружено 1 изображений для места 18
INFO 2025-03-09 21:57:17,213 basehttp 13834 6192967680 "POST /api/places/danang/upload_images/ HTTP/1.1" 201 193
INFO 2025-03-09 21:57:17,247 basehttp 13834 6192967680 "GET /api/places/ HTTP/1.1" 200 4647
INFO 2025-03-09 21:57:17,282 basehttp 13834 6192967680 "GET /api/places/ HTTP/1.1" 200 4647
INFO 2025-03-09 21:57:17,305 basehttp 13834 6209794048 "GET /media/places/Screenshot_2025-02-13_at_3.45.07PM.png HTTP/1.1" 200 1001345
INFO 2025-03-09 21:57:17,346 basehttp 13834 6192967680 "GET /api/places/ HTTP/1.1" 200 4647
INFO 2025-03-09 21:57:17,362 basehttp 13834 6192967680 "GET /api/places/ HTTP/1.1" 200 4647
INFO 2025-03-09 21:57:17,374 basehttp 13834 6192967680 "GET /api/places/ HTTP/1.1" 200 4647
INFO 2025-03-09 21:57:17,386 basehttp 13834 6192967680 "GET /api/places/ HTTP/1.1" 200 4647
INFO 2025-03-09 21:57:17,398 basehttp 13834 6192967680 "GET /api/places/ HTTP/1.1" 200 4647
INFO 2025-03-09 21:57:17,409 basehttp 13834 6192967680 "GET /api/places/ HTTP/1.1" 200 4647
INFO 2025-03-09 21:57:38,545 basehttp 13834 6209794048 "GET /api/places/ispolkomskaja-455150/ HTTP/1.1" 200 684
INFO 2025-03-09 21:57:38,546 basehttp 13834 6192967680 "GET /api/places/ HTTP/1.1" 200 4647
INFO 2025-03-09 21:57:39,879 basehttp 13834 6192967680 "GET /api/places/testing/ HTTP/1.1" 200 295
INFO 2025-03-09 21:57:41,912 basehttp 13834 6192967680 "GET /media/places/Screenshot_2025-02-13_at_3.45.07PM.png HTTP/1.1" 304 0
WARNING 2025-03-09 21:57:41,928 log 13834 6209794048 Not Found: /api/users/sergeyfrolov/
WARNING 2025-03-09 21:57:41,929 basehttp 13834 6209794048 "GET /api/users/sergeyfrolov/ HTTP/1.1" 404 5986
INFO 2025-03-09 21:57:42,969 basehttp 13834 6192967680 "GET /api/places/danang/ HTTP/1.1" 200 356
INFO 2025-03-09 22:01:20,018 basehttp 13834 6192967680 "GET /api/places/danang/ HTTP/1.1" 200 356
WARNING 2025-03-09 22:01:36,844 log 13834 6209794048 Not Found: /api/users/sergeyfrolov/
WARNING 2025-03-09 22:01:36,844 basehttp 13834 6209794048 "GET /api/users/sergeyfrolov/ HTTP/1.1" 404 5986
INFO 2025-03-09 22:01:36,905 basehttp 13834 6192967680 "GET /api/places/ HTTP/1.1" 200 4647
WARNING 2025-03-09 22:03:50,877 log 13834 6209794048 Not Found: /api/users/sergeyfrolov/
WARNING 2025-03-09 22:03:50,878 basehttp 13834 6209794048 "GET /api/users/sergeyfrolov/ HTTP/1.1" 404 5986
INFO 2025-03-09 22:03:50,899 basehttp 13834 6192967680 "GET /api/places/ HTTP/1.1" 200 4647
INFO 2025-03-09 22:03:50,906 basehttp 13834 6192967680 "GET /media/places/IMG_2994.jpeg HTTP/1.1" 304 0
INFO 2025-03-09 22:03:50,908 basehttp 13834 6209794048 "GET /media/places/Screenshot_2025-02-13_at_3.45.07PM.png HTTP/1.1" 304 0
INFO 2025-03-09 22:05:01,156 views 13834 6192967680 Создание нового места: {'name': 'Дананг', 'location': 'Дананг', 'rating': 5, 'review': ''}
INFO 2025-03-09 22:05:01,187 views 13834 6192967680 Место успешно создано: {'id': 19, 'images': [], 'name': 'Дананг', 'location': 'Дананг', 'rating': 5, 'review': '', 'created_at': '2025-03-09T22:05:01.182460Z', 'slug': 'danang-d2f26b'}
INFO 2025-03-09 22:05:01,188 basehttp 13834 6192967680 "POST /api/places/ HTTP/1.1" 201 158
INFO 2025-03-09 22:05:01,455 views 13834 6192967680 Успешно загружено 2 изображений для места 19
INFO 2025-03-09 22:05:01,455 basehttp 13834 6192967680 "POST /api/places/danang-d2f26b/upload_images/ HTTP/1.1" 201 389
INFO 2025-03-09 22:05:01,535 basehttp 13834 6192967680 "GET /api/places/ HTTP/1.1" 200 5193
INFO 2025-03-09 22:05:01,589 basehttp 13834 6192967680 "GET /api/places/ HTTP/1.1" 200 5193
INFO 2025-03-09 22:05:01,589 basehttp 13834 6209794048 "GET /media/places/Screenshot_2024-12-25_at_12.06.03AM.png HTTP/1.1" 200 248723
INFO 2025-03-09 22:05:01,592 basehttp 13834 6227767296 "GET /media/places/Screenshot_2025-01-17_at_11.10.00PM.png HTTP/1.1" 200 511611
INFO 2025-03-09 22:05:01,610 basehttp 13834 6192967680 "GET /api/places/ HTTP/1.1" 200 5193
INFO 2025-03-09 22:05:01,627 basehttp 13834 6192967680 "GET /api/places/ HTTP/1.1" 200 5193
INFO 2025-03-09 22:05:01,641 basehttp 13834 6192967680 "GET /api/places/ HTTP/1.1" 200 5193
INFO 2025-03-09 22:05:01,667 basehttp 13834 6192967680 "GET /api/places/ HTTP/1.1" 200 5193
INFO 2025-03-09 22:05:01,683 basehttp 13834 6192967680 "GET /api/places/ HTTP/1.1" 200 5193
INFO 2025-03-09 22:05:01,695 basehttp 13834 6192967680 "GET /api/places/ HTTP/1.1" 200 5193
INFO 2025-03-09 22:05:01,708 basehttp 13834 6192967680 "GET /api/places/ HTTP/1.1" 200 5193
INFO 2025-03-09 22:05:01,724 basehttp 13834 6192967680 "GET /api/places/ HTTP/1.1" 200 5193
INFO 2025-03-09 22:05:01,739 basehttp 13834 6192967680 "GET /api/places/ HTTP/1.1" 200 5193
INFO 2025-03-09 22:05:01,749 basehttp 13834 6192967680 "GET /api/places/ HTTP/1.1" 200 5193
INFO 2025-03-09 22:05:01,762 basehttp 13834 6192967680 "GET /api/places/ HTTP/1.1" 200 5193
INFO 2025-03-09 22:05:07,412 basehttp 13834 6192967680 "GET /api/places/ HTTP/1.1" 200 5193
INFO 2025-03-09 22:05:07,412 basehttp 13834 6209794048 "GET /api/places/danang-d2f26b/ HTTP/1.1" 200 545
INFO 2025-03-09 22:05:07,418 basehttp 13834 6192967680 "GET /media/places/Screenshot_2024-12-25_at_12.06.03AM.png HTTP/1.1" 304 0
INFO 2025-03-09 22:05:07,420 basehttp 13834 6209794048 "GET /media/places/Screenshot_2025-01-17_at_11.10.00PM.png HTTP/1.1" 304 0
INFO 2025-03-09 22:05:15,406 basehttp 13834 6192967680 "GET /media/places/Screenshot_2025-02-13_at_3.45.07PM.png HTTP/1.1" 304 0
WARNING 2025-03-09 22:05:15,445 log 13834 6209794048 Not Found: /api/users/sergeyfrolov/
WARNING 2025-03-09 22:05:15,446 basehttp 13834 6209794048 "GET /api/users/sergeyfrolov/ HTTP/1.1" 404 5986
INFO 2025-03-09 22:05:41,846 views 13834 6192967680 Создание нового места: {'name': 'Дананг', 'location': 'Москва', 'rating': 3, 'review': ''}
INFO 2025-03-09 22:05:41,871 views 13834 6192967680 Место успешно создано: {'id': 20, 'images': [], 'name': 'Дананг', 'location': 'Москва', 'rating': 3, 'review': '', 'created_at': '2025-03-09T22:05:41.867172Z', 'slug': 'danang-c23a8b'}
INFO 2025-03-09 22:05:41,872 basehttp 13834 6192967680 "POST /api/places/ HTTP/1.1" 201 158
INFO 2025-03-09 22:05:41,975 views 13834 6192967680 Успешно загружено 1 изображений для места 20
INFO 2025-03-09 22:05:41,976 basehttp 13834 6192967680 "POST /api/places/danang-c23a8b/upload_images/ HTTP/1.1" 201 195
INFO 2025-03-09 22:05:42,056 basehttp 13834 6192967680 "GET /api/places/ HTTP/1.1" 200 5545
INFO 2025-03-09 22:05:42,078 basehttp 13834 6192967680 "GET /api/places/ HTTP/1.1" 200 5545
INFO 2025-03-09 22:05:42,081 basehttp 13834 6209794048 "GET /media/places/Screenshot_2025-01-21_at_12.15.37AM.png HTTP/1.1" 200 278544
INFO 2025-03-09 22:05:42,099 basehttp 13834 6192967680 "GET /api/places/ HTTP/1.1" 200 5545
INFO 2025-03-09 22:05:42,124 basehttp 13834 6192967680 "GET /api/places/ HTTP/1.1" 200 5545
INFO 2025-03-09 22:05:42,156 basehttp 13834 6192967680 "GET /api/places/ HTTP/1.1" 200 5545
INFO 2025-03-09 22:05:42,168 basehttp 13834 6192967680 "GET /api/places/ HTTP/1.1" 200 5545
INFO 2025-03-09 22:05:42,181 basehttp 13834 6192967680 "GET /api/places/ HTTP/1.1" 200 5545
INFO 2025-03-09 22:05:42,195 basehttp 13834 6192967680 "GET /api/places/ HTTP/1.1" 200 5545
INFO 2025-03-09 22:05:42,211 basehttp 13834 6192967680 "GET /api/places/ HTTP/1.1" 200 5545
INFO 2025-03-09 22:05:42,223 basehttp 13834 6192967680 "GET /api/places/ HTTP/1.1" 200 5545
INFO 2025-03-09 22:05:42,240 basehttp 13834 6192967680 "GET /api/places/ HTTP/1.1" 200 5545
INFO 2025-03-09 22:05:42,254 basehttp 13834 6192967680 "GET /api/places/ HTTP/1.1" 200 5545
INFO 2025-03-09 22:05:42,264 basehttp 13834 6192967680 "GET /api/places/ HTTP/1.1" 200 5545
INFO 2025-03-09 22:05:42,276 basehttp 13834 6192967680 "GET /api/places/ HTTP/1.1" 200 5545
INFO 2025-03-09 22:05:42,288 basehttp 13834 6192967680 "GET /api/places/ HTTP/1.1" 200 5545
INFO 2025-03-09 22:05:49,396 basehttp 13834 6192967680 "GET /api/places/ HTTP/1.1" 200 5545
INFO 2025-03-09 22:05:49,396 basehttp 13834 6209794048 "GET /api/places/danang-c23a8b/ HTTP/1.1" 200 351
INFO 2025-03-09 22:05:49,401 basehttp 13834 6192967680 "GET /media/places/Screenshot_2025-01-21_at_12.15.37AM.png HTTP/1.1" 304 0
INFO 2025-03-09 22:07:12,012 basehttp 13834 6209794048 "GET /media/places/Screenshot_2024-12-25_at_12.06.03AM.png HTTP/1.1" 304 0
INFO 2025-03-09 22:07:12,013 basehttp 13834 6227767296 "GET /media/places/Screenshot_2025-02-13_at_3.45.07PM.png HTTP/1.1" 304 0
INFO 2025-03-09 22:07:12,015 basehttp 13834 6192967680 "GET /media/places/Screenshot_2025-01-17_at_11.10.00PM.png HTTP/1.1" 304 0
WARNING 2025-03-09 22:07:12,119 log 13834 6244593664 Not Found: /api/users/sergeyfrolov/
WARNING 2025-03-09 22:07:12,122 basehttp 13834 6244593664 "GET /api/users/sergeyfrolov/ HTTP/1.1" 404 5986
INFO 2025-03-09 22:07:12,254 basehttp 13834 6261420032 "GET /api/places/ HTTP/1.1" 200 5545
WARNING 2025-03-09 22:19:48,611 log 13834 6209794048 Not Found: /api/users/sergeyfrolov/
WARNING 2025-03-09 22:19:48,612 basehttp 13834 6209794048 "GET /api/users/sergeyfrolov/ HTTP/1.1" 404 5986
INFO 2025-03-09 22:19:48,847 basehttp 13834 6192967680 "GET /api/places/ HTTP/1.1" 200 5545
WARNING 2025-03-09 22:19:50,348 log 13834 6209794048 Not Found: /api/users/sergeyfrolov/
WARNING 2025-03-09 22:19:50,349 basehttp 13834 6209794048 "GET /api/users/sergeyfrolov/ HTTP/1.1" 404 5986
INFO 2025-03-09 22:19:50,365 basehttp 13834 6192967680 "GET /api/places/ HTTP/1.1" 200 5545
INFO 2025-03-09 22:19:50,382 basehttp 13834 6192967680 "GET /media/places/Screenshot_2025-02-13_at_3.45.07PM.png HTTP/1.1" 304 0
INFO 2025-03-09 22:19:50,385 basehttp 13834 6227767296 "GET /media/places/Screenshot_2024-12-25_at_12.06.03AM.png HTTP/1.1" 304 0
INFO 2025-03-09 22:19:50,387 basehttp 13834 6209794048 "GET /media/places/Screenshot_2025-01-21_at_12.15.37AM.png HTTP/1.1" 304 0
INFO 2025-03-09 22:19:50,393 basehttp 13834 6244593664 "GET /media/places/Screenshot_2025-01-17_at_11.10.00PM.png HTTP/1.1" 304 0
INFO 2025-03-09 22:19:50,393 basehttp 13834 6261420032 "GET /media/places/IMG_2994.jpeg HTTP/1.1" 304 0
INFO 2025-03-09 22:19:53,577 basehttp 13834 6192967680 "GET /api/places/danang-c23a8b/ HTTP/1.1" 200 351
INFO 2025-03-09 22:20:35,708 views 13834 6192967680 Создание нового места: {'name': 'Хуе', 'location': 'Хуе', 'rating': 5, 'review': ''}
INFO 2025-03-09 22:20:35,734 views 13834 6192967680 Место успешно создано: {'id': 21, 'images': [], 'name': 'Хуе', 'location': 'Хуе', 'rating': 5, 'review': '', 'created_at': '2025-03-09T22:20:35.726434Z', 'slug': 'hue'}
INFO 2025-03-09 22:20:35,735 basehttp 13834 6192967680 "POST /api/places/ HTTP/1.1" 201 136
INFO 2025-03-09 22:20:36,030 views 13834 6192967680 Успешно загружено 4 изображений для места 21
INFO 2025-03-09 22:20:36,031 basehttp 13834 6192967680 "POST /api/places/hue/upload_images/ HTTP/1.1" 201 771
INFO 2025-03-09 22:20:36,050 basehttp 13834 6192967680 "GET /api/places/ HTTP/1.1" 200 6451
INFO 2025-03-09 22:20:36,091 basehttp 13834 6192967680 "GET /api/places/ HTTP/1.1" 200 6451
INFO 2025-03-09 22:20:36,111 basehttp 13834 6192967680 "GET /media/places/Screenshot_2024-12-23_at_6.48.34PM.png HTTP/1.1" 200 151886
INFO 2025-03-09 22:20:36,113 basehttp 13834 6209794048 "GET /media/places/Screenshot_2024-12-23_at_6.51.02PM.png HTTP/1.1" 200 173750
INFO 2025-03-09 22:20:36,113 basehttp 13834 6227767296 "GET /media/places/Screenshot_2024-12-24_at_2.22.03PM.png HTTP/1.1" 200 192571
INFO 2025-03-09 22:20:36,117 basehttp 13834 6244593664 "GET /media/places/Screenshot_2024-12-27_at_11.46.11AM.png HTTP/1.1" 200 857721
INFO 2025-03-09 22:20:36,288 basehttp 13834 6278246400 "GET /api/places/hue/ HTTP/1.1" 200 905
INFO 2025-03-09 22:20:36,290 basehttp 13834 6261420032 "GET /api/places/ HTTP/1.1" 200 6451
INFO 2025-03-09 22:20:36,292 basehttp 13834 6244593664 "GET /media/places/Screenshot_2024-12-23_at_6.48.34PM.png HTTP/1.1" 304 0
INFO 2025-03-09 22:20:36,295 basehttp 13834 6192967680 "GET /media/places/Screenshot_2024-12-27_at_11.46.11AM.png HTTP/1.1" 304 0
INFO 2025-03-09 22:20:36,296 basehttp 13834 6209794048 "GET /media/places/Screenshot_2024-12-24_at_2.22.03PM.png HTTP/1.1" 304 0
INFO 2025-03-09 22:20:36,297 basehttp 13834 6227767296 "GET /media/places/Screenshot_2024-12-23_at_6.51.02PM.png HTTP/1.1" 304 0
WARNING 2025-03-09 22:20:50,582 log 13834 6192967680 Not Found: /api/users/sergeyfrolov/
WARNING 2025-03-09 22:20:50,582 basehttp 13834 6192967680 "GET /api/users/sergeyfrolov/ HTTP/1.1" 404 5986
INFO 2025-03-09 22:21:42,085 basehttp 13834 6192967680 "GET /api/places/ HTTP/1.1" 200 6451
